time,crd,vel,ekin,ene_0,ene_1,epot,etotal,coff_0,coff_1,prob,random,state
0.000,-5.00000000,0.01450000,0.21025000,-2.00002498,2.00002498,-2.00002498,-1.78977498,1.00000000,0.00000000,0.00000000,0.46870074,0
1.000,-4.98550000,0.01450000,0.21025000,-2.00002498,2.00002498,-2.00002498,-1.78977498,1.00000000,0.00000000,0.00000000,0.05392478,0
2.000,-4.97100000,0.01450000,0.21025000,-2.00002498,2.00002498,-2.00002498,-1.78977498,1.00000000,0.00000000,0.00000000,0.15806247,0
3.000,-4.95650000,0.01450000,0.21025000,-2.00002498,2.00002498,-2.00002498,-1.78977498,1.00000000,0.00000000,0.00000000,0.48866925,0
4.000,-4.94200000,0.01450000,0.21025000,-2.00002498,2.00002498,-2.00002498,-1.78977498,1.00000000,0.00000000,0.00000000,0.45016997,0
5.000,-4.92750000,0.01450000,0.21025000,-2.00002498,2.00002498,-2.00002498,-1.78977498,1.00000000,0.00000000,0.00000000,0.29253699,0
6.000,-4.91300000,0.01450000,0.21025000,-2.00002498,2.00002498,-2.00002498,-1.78977498,1.00000000,0.00000000,0.00000000,0.66711322,0
7.000,-4.89850000,0.01450000,0.21025000,-2.00002498,2.00002498,-2.00002498,-1.78977498,1.00000000,0.00000000,0.00000000,0.66569881,0
8.000,-4.88400000,0.01450000,0.21025000,-2.00002498,2.00002498,-2.00002498,-1.78977498,1.00000000,0.00000000,0.00000000,0.76566585,0
9.000,-4.86950000,0.01450000,0.21025000,-2.00002498,2.00002498,-2.00002498,-1.78977498,1.00000000,0.00000000,0.00000000,0.52240849,0
10.000,-4.85500000,0.01450000,0.21025000,-2.00002498,2.00002498,-2.00002498,-1.78977498,1.00000000,0.00000000,0.00000000,0.72608258,0
11.000,-4.84050000,0.01450000,0.21025000,-2.00002498,2.00002498,-2.00002498,-1.78977498,1.00000000,0.00000000,0.00000000,0.21957734,0
12.000,-4.82600000,0.01450000,0.21024999,-2.00002498,2.00002498,-2.00002498,-1.78977498,1.00000000,0.00000000,0.00000000,0.54878641,0
13.000,-4.81150000,0.01450000,0.21024999,-2.00002498,2.00002498,-2.00002498,-1.78977498,1.00000000,0.00000000,0.00000000,0.20452067,0
14.000,-4.79700000,0.01450000,0.21024999,-2.00002498,2.00002498,-2.00002498,-1.78977498,1.00000000,0.00000000,0.00000000,0.18265239,0
15.000,-4.78250000,0.01450000,0.21024999,-2.00002498,2.00002498,-2.00002498,-1.78977498,1.00000000,0.00000000,0.00000000,0.35733358,0
16.000,-4.76800000,0.01450000,0.21024999,-2.00002497,2.00002497,-2.00002497,-1.78977498,1.00000000,0.00000000,0.00000000,0.22886648,0
17.000,-4.75350000,0.01450000,0.21024999,-2.00002497,2.00002497,-2.00002497,-1.78977498,1.00000000,0.00000000,0.00000000,0.04388642,0
18.000,-4.73900000,0.01450000,0.21024999,-2.00002497,2.00002497,-2.00002497,-1.78977498,1.00000000,0.00000000,0.00000000,0.86873371,0
19.000,-4.72450000,0.01450000,0.21024999,-2.00002497,2.00002497,-2.00002497,-1.78977498,1.00000000,0.00000000,0.00000000,0.95464897,0
20.000,-4.71000000,0.01450000,0.21024999,-2.00002497,2.00002497,-2.00002497,-1.78977498,1.00000000,0.00000000,0.00000000,0.95144959,0
21.000,-4.69550000,0.01450000,0.21024999,-2.00002497,2.00002497,-2.00002497,-1.78977498,1.00000000,0.00000000,0.00000000,0.07748261,0
22.000,-4.68100000,0.01450000,0.21024999,-2.00002497,2.00002497,-2.00002497,-1.78977498,1.00000000,0.00000000,0.00000000,0.54802094,0
23.000,-4.66650000,0.01450000,0.21024999,-2.00002497,2.00002497,-2.00002497,-1.78977498,1.00000000,0.00000000,0.00000000,0.34755767,0
24.000,-4.65200000,0.01450000,0.21024999,-2.00002497,2.00002497,-2.00002497,-1.78977498,1.00000000,0.00000000,0.00000000,0.01483894,0
25.000,-4.63750001,0.01450000,0.21024999,-2.00002497,2.00002497,-2.00002497,-1.78977498,1.00000000,0.00000000,0.00000000,0.39170331,0
26.000,-4.62300001,0.01450000,0.21024999,-2.00002497,2.00002497,-2.00002497,-1.78977498,1.00000000,0.00000000,0.00000000,0.19619908,0
27.000,-4.60850001,0.01450000,0.21024999,-2.00002497,2.00002497,-2.00002497,-1.78977498,1.00000000,0.00000000,0.00000000,0.44755743,0
28.000,-4.59400001,0.01450000,0.21024998,-2.00002497,2.00002497,-2.00002497,-1.78977498,1.00000000,0.00000000,0.00000000,0.29635278,0
29.000,-4.57950001,0.01450000,0.21024998,-2.00002497,2.00002497,-2.00002497,-1.78977498,1.00000000,0.00000000,0.00000000,0.38310506,0
30.000,-4.56500001,0.01450000,0.21024998,-2.00002497,2.00002497,-2.00002497,-1.78977498,1.00000000,0.00000000,0.00000000,0.20614139,0
31.000,-4.55050001,0.01450000,0.21024998,-2.00002496,2.00002496,-2.00002496,-1.78977498,1.00000000,0.00000000,0.00000000,0.74849908,0
32.000,-4.53600001,0.01450000,0.21024998,-2.00002496,2.00002496,-2.00002496,-1.78977498,1.00000000,0.00000000,0.00000000,0.38711422,0
33.000,-4.52150001,0.01450000,0.21024998,-2.00002496,2.00002496,-2.00002496,-1.78977498,1.00000000,0.00000000,0.00000000,0.95808331,0
34.000,-4.50700001,0.01450000,0.21024998,-2.00002496,2.00002496,-2.00002496,-1.78977498,1.00000000,0.00000000,0.00000000,0.26211406,0
35.000,-4.49250001,0.01450000,0.21024998,-2.00002496,2.00002496,-2.00002496,-1.78977498,1.00000000,0.00000000,0.00000000,0.62540336,0
36.000,-4.47800001,0.01450000,0.21024998,-2.00002496,2.00002496,-2.00002496,-1.78977498,1.00000000,0.00000000,0.00000000,0.61289399,0
37.000,-4.46350001,0.01450000,0.21024998,-2.00002496,2.00002496,-2.00002496,-1.78977498,1.00000000,0.00000000,0.00000000,0.01687240,0
38.000,-4.44900001,0.01450000,0.21024998,-2.00002496,2.00002496,-2.00002496,-1.78977498,1.00000000,0.00000000,0.00000000,0.44722612,0
39.000,-4.43450001,0.01450000,0.21024998,-2.00002496,2.00002496,-2.00002496,-1.78977498,1.00000000,0.00000000,0.00000000,0.91134069,0
40.000,-4.42000001,0.01450000,0.21024997,-2.00002496,2.00002496,-2.00002496,-1.78977498,1.00000000,0.00000000,0.00000000,0.26359277,0
41.000,-4.40550002,0.01450000,0.21024997,-2.00002496,2.00002496,-2.00002496,-1.78977498,1.00000000,0.00000000,0.00000000,0.06091396,0
42.000,-4.39100002,0.01450000,0.21024997,-2.00002495,2.00002495,-2.00002495,-1.78977498,1.00000000,0.00000000,0.00000000,0.67605667,0
43.000,-4.37650002,0.01450000,0.21024997,-2.00002495,2.00002495,-2.00002495,-1.78977498,1.00000000,0.00000000,0.00000000,0.33308149,0
44.000,-4.36200002,0.01450000,0.21024997,-2.00002495,2.00002495,-2.00002495,-1.78977498,1.00000000,0.00000000,0.00000000,0.02211959,0
45.000,-4.34750002,0.01450000,0.21024997,-2.00002495,2.00002495,-2.00002495,-1.78977498,1.00000000,0.00000000,0.00000000,0.45950224,0
46.000,-4.33300002,0.01450000,0.21024997,-2.00002495,2.00002495,-2.00002495,-1.78977498,1.00000000,0.00000000,0.00000000,0.36704742,0
47.000,-4.31850002,0.01450000,0.21024997,-2.00002495,2.00002495,-2.00002495,-1.78977498,1.00000000,0.00000000,0.00000000,0.74114098,0
48.000,-4.30400002,0.01450000,0.21024997,-2.00002495,2.00002495,-2.00002495,-1.78977498,1.00000000,0.00000000,0.00000000,0.05755339,0
49.000,-4.28950002,0.01450000,0.21024996,-2.00002495,2.00002495,-2.00002495,-1.78977498,1.00000000,0.00000000,0.00000000,0.87470073,0
50.000,-4.27500003,0.01450000,0.21024996,-2.00002495,2.00002495,-2.00002495,-1.78977498,1.00000000,0.00000000,0.00000000,0.60396135,0
51.000,-4.26050003,0.01450000,0.21024996,-2.00002494,2.00002494,-2.00002494,-1.78977498,1.00000000,0.00000000,0.00000000,0.15533875,0
52.000,-4.24600003,0.01450000,0.21024996,-2.00002494,2.00002494,-2.00002494,-1.78977498,1.00000000,0.00000000,0.00000000,0.37880149,0
53.000,-4.23150003,0.01450000,0.21024996,-2.00002494,2.00002494,-2.00002494,-1.78977498,1.00000000,0.00000000,0.00000000,0.89146143,0
54.000,-4.21700003,0.01450000,0.21024996,-2.00002494,2.00002494,-2.00002494,-1.78977498,1.00000000,0.00000000,0.00000000,0.43562683,0
55.000,-4.20250003,0.01450000,0.21024996,-2.00002494,2.00002494,-2.00002494,-1.78977498,1.00000000,0.00000000,0.00000000,0.76422672,0
56.000,-4.18800003,0.01450000,0.21024996,-2.00002494,2.00002494,-2.00002494,-1.78977498,1.00000000,0.00000000,0.00000000,0.09086577,0
57.000,-4.17350004,0.01450000,0.21024995,-2.00002494,2.00002494,-2.00002494,-1.78977498,1.00000000,0.00000000,0.00000000,0.35908142,0
58.000,-4.15900004,0.01450000,0.21024995,-2.00002493,2.00002493,-2.00002493,-1.78977498,1.00000000,0.00000000,0.00000000,0.31700980,0
59.000,-4.14450004,0.01450000,0.21024995,-2.00002493,2.00002493,-2.00002493,-1.78977498,1.00000000,0.00000000,0.00000000,0.23105887,0
60.000,-4.13000004,0.01450000,0.21024995,-2.00002493,2.00002493,-2.00002493,-1.78977498,1.00000000,0.00000000,0.00000000,0.26759821,0
61.000,-4.11550004,0.01450000,0.21024995,-2.00002493,2.00002493,-2.00002493,-1.78977498,1.00000000,0.00000000,0.00000000,0.48842480,0
62.000,-4.10100004,0.01450000,0.21024995,-2.00002493,2.00002493,-2.00002493,-1.78977498,1.00000000,0.00000000,0.00000000,0.90325358,0
63.000,-4.08650005,0.01450000,0.21024994,-2.00002493,2.00002493,-2.00002493,-1.78977498,1.00000000,0.00000000,0.00000000,0.43705848,0
64.000,-4.07200005,0.01450000,0.21024994,-2.00002492,2.00002492,-2.00002492,-1.78977498,1.00000000,0.00000000,0.00000000,0.41925960,0
65.000,-4.05750005,0.01450000,0.21024994,-2.00002492,2.00002492,-2.00002492,-1.78977498,1.00000000,0.00000000,0.00000000,0.88811751,0
66.000,-4.04300005,0.01450000,0.21024994,-2.00002492,2.00002492,-2.00002492,-1.78977498,1.00000000,0.00000000,0.00000000,0.99507301,0
67.000,-4.02850005,0.01450000,0.21024994,-2.00002492,2.00002492,-2.00002492,-1.78977498,1.00000000,0.00000000,0.00000000,0.97482677,0
68.000,-4.01400006,0.01450000,0.21024994,-2.00002492,2.00002492,-2.00002492,-1.78977498,1.00000000,0.00000000,0.00000000,0.81850725,0
69.000,-3.99950006,0.01450000,0.21024993,-2.00002491,2.00002491,-2.00002491,-1.78977498,1.00000000,0.00000000,0.00000000,0.47274607,0
70.000,-3.98500006,0.01450000,0.21024993,-2.00002491,2.00002491,-2.00002491,-1.78977498,1.00000000,0.00000000,0.00000000,0.16806322,0
71.000,-3.97050006,0.01450000,0.21024993,-2.00002491,2.00002491,-2.00002491,-1.78977498,1.00000000,0.00000000,0.00000000,0.62755255,0
72.000,-3.95600007,0.01450000,0.21024993,-2.00002491,2.00002491,-2.00002491,-1.78977498,1.00000000,0.00000000,0.00000000,0.28876519,0
73.000,-3.94150007,0.01450000,0.21024993,-2.00002491,2.00002491,-2.00002491,-1.78977498,1.00000000,0.00000000,0.00000000,0.06352305,0
74.000,-3.92700007,0.01450000,0.21024992,-2.00002490,2.00002490,-2.00002490,-1.78977498,1.00000000,0.00000000,0.00000000,0.74644394,0
75.000,-3.91250007,0.01450000,0.21024992,-2.00002490,2.00002490,-2.00002490,-1.78977498,1.00000000,0.00000000,0.00000000,0.87019231,0
76.000,-3.89800008,0.01450000,0.21024992,-2.00002490,2.00002490,-2.00002490,-1.78977498,1.00000000,0.00000000,0.00000000,0.64104946,0
77.000,-3.88350008,0.01450000,0.21024992,-2.00002490,2.00002490,-2.00002490,-1.78977498,1.00000000,0.00000000,0.00000000,0.80070709,0
78.000,-3.86900008,0.01450000,0.21024991,-2.00002490,2.00002490,-2.00002490,-1.78977498,1.00000000,0.00000000,0.00000000,0.66102778,0
79.000,-3.85450009,0.01450000,0.21024991,-2.00002489,2.00002489,-2.00002489,-1.78977498,1.00000000,0.00000000,0.00000000,0.12421184,0
80.000,-3.84000009,0.01450000,0.21024991,-2.00002489,2.00002489,-2.00002489,-1.78977498,1.00000000,0.00000000,0.00000000,0.33830990,0
81.000,-3.82550009,0.01450000,0.21024991,-2.00002489,2.00002489,-2.00002489,-1.78977498,1.00000000,0.00000000,0.00000000,0.37969424,0
82.000,-3.81100009,0.01450000,0.21024990,-2.00002488,2.00002488,-2.00002488,-1.78977498,1.00000000,0.00000000,0.00000000,0.39417286,0
83.000,-3.79650010,0.01450000,0.21024990,-2.00002488,2.00002488,-2.00002488,-1.78977498,1.00000000,0.00000000,0.00000000,0.85237815,0
84.000,-3.78200010,0.01450000,0.21024990,-2.00002488,2.00002488,-2.00002488,-1.78977498,1.00000000,0.00000000,0.00000000,0.56837225,0
85.000,-3.76750010,0.01450000,0.21024990,-2.00002488,2.00002488,-2.00002488,-1.78977498,1.00000000,0.00000000,0.00000000,0.83333154,0
86.000,-3.75300011,0.01450000,0.21024989,-2.00002487,2.00002487,-2.00002487,-1.78977498,1.00000000,0.00000000,0.00000000,0.13071931,0
87.000,-3.73850011,0.01450000,0.21024989,-2.00002487,2.00002487,-2.00002487,-1.78977498,1.00000000,0.00000000,0.00000000,0.60594091,0
88.000,-3.72400012,0.01450000,0.21024989,-2.00002487,2.00002487,-2.00002487,-1.78977498,1.00000000,0.00000000,0.00000000,0.16748502,0
89.000,-3.70950012,0.01450000,0.21024988,-2.00002486,2.00002486,-2.00002486,-1.78977498,1.00000000,0.00000000,0.00000000,0.64144203,0
90.000,-3.69500012,0.01450000,0.21024988,-2.00002486,2.00002486,-2.00002486,-1.78977498,1.00000000,0.00000000,0.00000000,0.18313069,0
91.000,-3.68050013,0.01450000,0.21024988,-2.00002486,2.00002486,-2.00002486,-1.78977498,1.00000000,0.00000000,0.00000000,0.74693158,0
92.000,-3.66600013,0.01450000,0.21024988,-2.00002485,2.00002485,-2.00002485,-1.78977498,1.00000000,0.00000000,0.00000000,0.93376766,0
93.000,-3.65150014,0.01450000,0.21024987,-2.00002485,2.00002485,-2.00002485,-1.78977498,1.00000000,0.00000000,0.00000000,0.59610272,0
94.000,-3.63700014,0.01450000,0.21024987,-2.00002485,2.00002485,-2.00002485,-1.78977498,1.00000000,0.00000000,0.00000000,0.09886274,0
95.000,-3.62250015,0.01450000,0.21024987,-2.00002484,2.00002484,-2.00002484,-1.78977498,1.00000000,0.00000000,0.00000000,0.55269710,0
96.000,-3.60800015,0.01450000,0.21024986,-2.00002484,2.00002484,-2.00002484,-1.78977498,1.00000000,0.00000000,0.00000000,0.70482477,0
97.000,-3.59350016,0.01450000,0.21024986,-2.00002484,2.00002484,-2.00002484,-1.78977498,1.00000000,0.00000000,0.00000000,0.52353518,0
98.000,-3.57900016,0.01449999,0.21024985,-2.00002483,2.00002483,-2.00002483,-1.78977498,1.00000000,0.00000000,0.00000000,0.34793763,0
99.000,-3.56450017,0.01449999,0.21024985,-2.00002483,2.00002483,-2.00002483,-1.78977498,1.00000000,0.00000000,0.00000000,0.65573121,0
100.000,-3.55000017,0.01449999,0.21024985,-2.00002483,2.00002483,-2.00002483,-1.78977498,1.00000000,0.00000000,0.00000000,0.27800739,0
101.000,-3.53550018,0.01449999,0.21024984,-2.00002482,2.00002482,-2.00002482,-1.78977498,1.00000000,0.00000000,0.00000000,0.45965308,0
102.000,-3.52100018,0.01449999,0.21024984,-2.00002482,2.00002482,-2.00002482,-1.78977498,1.00000000,0.00000000,0.00000000,0.69483058,0
103.000,-3.50650019,0.01449999,0.21024983,-2.00002481,2.00002481,-2.00002481,-1.78977498,1.00000000,0.00000000,0.00000000,0.19474553,0
104.000,-3.49200019,0.01449999,0.21024983,-2.00002481,2.00002481,-2.00002481,-1.78977498,1.00000000,0.00000000,0.00000000,0.69264440,0
105.000,-3.47750020,0.01449999,0.21024983,-2.00002480,2.00002480,-2.00002480,-1.78977498,1.00000000,0.00000000,0.00000000,0.23257192,0
106.000,-3.46300021,0.01449999,0.21024982,-2.00002480,2.00002480,-2.00002480,-1.78977498,1.00000000,0.00000000,0.00000000,0.93038766,0
107.000,-3.44850021,0.01449999,0.21024982,-2.00002479,2.00002479,-2.00002479,-1.78977498,1.00000000,0.00000000,0.00000000,0.48439088,0
108.000,-3.43400022,0.01449999,0.21024981,-2.00002479,2.00002479,-2.00002479,-1.78977498,1.00000000,0.00000000,0.00000000,0.20222428,0
109.000,-3.41950022,0.01449999,0.21024981,-2.00002479,2.00002479,-2.00002479,-1.78977498,1.00000000,0.00000000,0.00000000,0.37482083,0
110.000,-3.40500023,0.01449999,0.21024980,-2.00002478,2.00002478,-2.00002478,-1.78977498,1.00000000,0.00000000,0.00000000,0.70734250,0
111.000,-3.39050024,0.01449999,0.21024980,-2.00002477,2.00002477,-2.00002477,-1.78977498,1.00000000,0.00000000,0.00000000,0.54123672,0
112.000,-3.37600025,0.01449999,0.21024979,-2.00002477,2.00002477,-2.00002477,-1.78977498,1.00000000,0.00000000,0.00000000,0.00744515,0
113.000,-3.36150025,0.01449999,0.21024979,-2.00002476,2.00002476,-2.00002476,-1.78977498,1.00000000,0.00000000,0.00000000,0.97957977,0
114.000,-3.34700026,0.01449999,0.21024978,-2.00002476,2.00002476,-2.00002476,-1.78977498,1.00000000,0.00000000,0.00000000,0.00980352,0
115.000,-3.33250027,0.01449999,0.21024978,-2.00002475,2.00002475,-2.00002475,-1.78977498,1.00000000,0.00000000,0.00000000,0.85081857,0
116.000,-3.31800028,0.01449999,0.21024977,-2.00002475,2.00002475,-2.00002475,-1.78977498,1.00000000,0.00000000,0.00000000,0.55025834,0
117.000,-3.30350028,0.01449999,0.21024976,-2.00002474,2.00002474,-2.00002474,-1.78977498,1.00000000,0.00000000,0.00000000,0.92633349,0
118.000,-3.28900029,0.01449999,0.21024976,-2.00002474,2.00002474,-2.00002474,-1.78977498,1.00000000,0.00000000,0.00000000,0.93281538,0
119.000,-3.27450030,0.01449999,0.21024975,-2.00002473,2.00002473,-2.00002473,-1.78977498,1.00000000,0.00000000,0.00000000,0.65447380,0
120.000,-3.26000031,0.01449999,0.21024975,-2.00002472,2.00002472,-2.00002472,-1.78977498,1.00000000,0.00000000,0.00000000,0.62308897,0
121.000,-3.24550032,0.01449999,0.21024974,-2.00002472,2.00002472,-2.00002472,-1.78977498,1.00000000,0.00000000,0.00000000,0.13464416,0
122.000,-3.23100033,0.01449999,0.21024973,-2.00002471,2.00002471,-2.00002471,-1.78977498,1.00000000,0.00000000,0.00000000,0.47542959,0
123.000,-3.21650034,0.01449999,0.21024973,-2.00002470,2.00002470,-2.00002470,-1.78977498,1.00000000,0.00000000,0.00000000,0.55255696,0
124.000,-3.20200035,0.01449999,0.21024972,-2.00002470,2.00002470,-2.00002470,-1.78977498,1.00000000,0.00000000,0.00000000,0.54905329,0
125.000,-3.18750036,0.01449999,0.21024971,-2.00002469,2.00002469,-2.00002469,-1.78977498,1.00000000,0.00000000,0.00000000,0.13457434,0
126.000,-3.17300037,0.01449999,0.21024971,-2.00002468,2.00002468,-2.00002468,-1.78977498,1.00000000,0.00000000,0.00000000,0.53025841,0
127.000,-3.15850038,0.01449999,0.21024970,-2.00002467,2.00002467,-2.00002467,-1.78977498,1.00000000,0.00000000,0.00000000,0.01371481,0
128.000,-3.14400039,0.01449999,0.21024969,-2.00002467,2.00002467,-2.00002467,-1.78977498,1.00000000,0.00000000,0.00000000,0.10779687,0
129.000,-3.12950040,0.01449999,0.21024968,-2.00002466,2.00002466,-2.00002466,-1.78977498,1.00000000,0.00000000,0.00000000,0.63136966,0
130.000,-3.11500041,0.01449999,0.21024968,-2.00002465,2.00002465,-2.00002465,-1.78977498,1.00000000,0.00000000,0.00000000,0.84496103,0
131.000,-3.10050042,0.01449999,0.21024967,-2.00002464,2.00002464,-2.00002464,-1.78977497,1.00000000,0.00000000,0.00000000,0.58300235,0
132.000,-3.08600043,0.01449999,0.21024966,-2.00002463,2.00002463,-2.00002463,-1.78977497,1.00000000,0.00000000,0.00000000,0.37517287,0
133.000,-3.07150044,0.01449999,0.21024965,-2.00002463,2.00002463,-2.00002463,-1.78977497,1.00000000,0.00000000,0.00000000,0.32714902,0
134.000,-3.05700045,0.01449999,0.21024964,-2.00002462,2.00002462,-2.00002462,-1.78977497,1.00000000,0.00000000,0.00000000,0.96223730,0
135.000,-3.04250047,0.01449999,0.21024963,-2.00002461,2.00002461,-2.00002461,-1.78977497,1.00000000,0.00000000,0.00000000,0.18667341,0
136.000,-3.02800048,0.01449999,0.21024962,-2.00002460,2.00002460,-2.00002460,-1.78977497,1.00000000,0.00000000,0.00000000,0.10382082,0
137.000,-3.01350049,0.01449999,0.21024962,-2.00002459,2.00002459,-2.00002459,-1.78977497,1.00000000,0.00000000,0.00000000,0.65993481,0
138.000,-2.99900051,0.01449999,0.21024961,-2.00002458,2.00002458,-2.00002458,-1.78977497,1.00000000,0.00000000,0.00000000,0.35281310,0
139.000,-2.98450052,0.01449999,0.21024960,-2.00002457,2.00002457,-2.00002457,-1.78977497,1.00000000,0.00000000,0.00000000,0.58484868,0
140.000,-2.97000053,0.01449999,0.21024959,-2.00002456,2.00002456,-2.00002456,-1.78977497,1.00000000,0.00000000,0.00000000,0.01916809,0
141.000,-2.95550055,0.01449999,0.21024958,-2.00002455,2.00002455,-2.00002455,-1.78977497,1.00000000,0.00000000,0.00000000,0.95042960,0
142.000,-2.94100056,0.01449999,0.21024957,-2.00002454,2.00002454,-2.00002454,-1.78977497,1.00000000,0.00000000,0.00000000,0.25164365,0
143.000,-2.92650058,0.01449998,0.21024956,-2.00002453,2.00002453,-2.00002453,-1.78977497,1.00000000,0.00000000,0.00000000,0.11130514,0
144.000,-2.91200059,0.01449998,0.21024955,-2.00002452,2.00002452,-2.00002452,-1.78977497,1.00000000,0.00000000,0.00000000,0.41449253,0
145.000,-2.89750061,0.01449998,0.21024953,-2.00002451,2.00002451,-2.00002451,-1.78977497,1.00000000,0.00000000,0.00000000,0.41540087,0
146.000,-2.88300063,0.01449998,0.21024952,-2.00002449,2.00002449,-2.00002449,-1.78977497,1.00000000,0.00000000,0.00000000,0.31988976,0
147.000,-2.86850064,0.01449998,0.21024951,-2.00002448,2.00002448,-2.00002448,-1.78977497,1.00000000,0.00000000,0.00000000,0.92988370,0
148.000,-2.85400066,0.01449998,0.21024950,-2.00002447,2.00002447,-2.00002447,-1.78977497,1.00000000,0.00000000,0.00000000,0.75064933,0
149.000,-2.83950068,0.01449998,0.21024949,-2.00002446,2.00002446,-2.00002446,-1.78977497,1.00000000,0.00000000,0.00000000,0.18996234,0
150.000,-2.82500070,0.01449998,0.21024948,-2.00002445,2.00002445,-2.00002445,-1.78977497,1.00000000,0.00000000,0.00000000,0.46282445,0
151.000,-2.81050071,0.01449998,0.21024946,-2.00002443,2.00002443,-2.00002443,-1.78977497,1.00000000,0.00000000,0.00000000,0.07306678,0
152.000,-2.79600073,0.01449998,0.21024945,-2.00002442,2.00002442,-2.00002442,-1.78977497,1.00000000,0.00000000,0.00000000,0.86600031,0
153.000,-2.78150075,0.01449998,0.21024944,-2.00002441,2.00002441,-2.00002441,-1.78977497,1.00000000,0.00000000,0.00000000,0.00982818,0
154.000,-2.76700077,0.01449998,0.21024942,-2.00002439,2.00002439,-2.00002439,-1.78977497,1.00000000,0.00000000,0.00000000,0.40204178,0
155.000,-2.75250079,0.01449998,0.21024941,-2.00002438,2.00002438,-2.00002438,-1.78977497,1.00000000,0.00000000,0.00000000,0.45704596,0
156.000,-2.73800081,0.01449998,0.21024939,-2.00002436,2.00002436,-2.00002436,-1.78977497,1.00000000,0.00000000,0.00000000,0.13463604,0
157.000,-2.72350083,0.01449998,0.21024938,-2.00002435,2.00002435,-2.00002435,-1.78977497,1.00000000,0.00000000,0.00000000,0.46985739,0
158.000,-2.70900085,0.01449998,0.21024937,-2.00002433,2.00002433,-2.00002433,-1.78977497,1.00000000,0.00000000,0.00000000,0.66335457,0
159.000,-2.69450088,0.01449998,0.21024935,-2.00002432,2.00002432,-2.00002432,-1.78977497,1.00000000,0.00000000,0.00000000,0.27006727,0
160.000,-2.68000090,0.01449998,0.21024933,-2.00002430,2.00002430,-2.00002430,-1.78977497,1.00000000,0.00000000,0.00000000,0.18231157,0
161.000,-2.66550092,0.01449998,0.21024932,-2.00002429,2.00002429,-2.00002429,-1.78977497,1.00000000,0.00000000,0.00000000,0.57583432,0
162.000,-2.65100095,0.01449998,0.21024930,-2.00002427,2.00002427,-2.00002427,-1.78977497,1.00000000,0.00000000,0.00000000,0.92894296,0
163.000,-2.63650097,0.01449998,0.21024929,-2.00002425,2.00002425,-2.00002425,-1.78977497,1.00000000,0.00000000,0.00000000,0.87953134,0
164.000,-2.62200100,0.01449997,0.21024927,-2.00002423,2.00002423,-2.00002423,-1.78977497,1.00000000,0.00000000,0.00000000,0.86301868,0
165.000,-2.60750102,0.01449997,0.21024925,-2.00002422,2.00002422,-2.00002422,-1.78977497,1.00000000,0.00000000,0.00000000,0.23456966,0
166.000,-2.59300105,0.01449997,0.21024923,-2.00002420,2.00002420,-2.00002420,-1.78977496,1.00000000,0.00000000,0.00000000,0.97950521,0
167.000,-2.57850107,0.01449997,0.21024922,-2.00002418,2.00002418,-2.00002418,-1.78977496,1.00000000,0.00000000,0.00000000,0.37081551,0
168.000,-2.56400110,0.01449997,0.21024920,-2.00002416,2.00002416,-2.00002416,-1.78977496,1.00000000,0.00000000,0.00000000,0.02001246,0
169.000,-2.54950113,0.01449997,0.21024918,-2.00002414,2.00002414,-2.00002414,-1.78977496,1.00000000,0.00000000,0.00000000,0.61712049,0
170.000,-2.53500116,0.01449997,0.21024916,-2.00002412,2.00002412,-2.00002412,-1.78977496,1.00000000,0.00000000,0.00000000,0.15157876,0
171.000,-2.52050119,0.01449997,0.21024914,-2.00002410,2.00002410,-2.00002410,-1.78977496,1.00000000,0.00000000,0.00000000,0.71440693,0
172.000,-2.50600122,0.01449997,0.21024912,-2.00002408,2.00002408,-2.00002408,-1.78977496,1.00000000,0.00000000,0.00000000,0.44989803,0
173.000,-2.49150125,0.01449997,0.21024910,-2.00002406,2.00002406,-2.00002406,-1.78977496,1.00000000,0.00000000,0.00000000,0.90270744,0
174.000,-2.47700128,0.01449997,0.21024908,-2.00002404,2.00002404,-2.00002404,-1.78977496,1.00000000,0.00000000,0.00000000,0.87128048,0
175.000,-2.46250131,0.01449997,0.21024905,-2.00002401,2.00002401,-2.00002401,-1.78977496,1.00000000,0.00000000,0.00000000,0.90799889,0
176.000,-2.44800135,0.01449997,0.21024903,-2.00002399,2.00002399,-2.00002399,-1.78977496,1.00000000,0.00000000,0.00000000,0.44333226,0
177.000,-2.43350138,0.01449997,0.21024901,-2.00002397,2.00002397,-2.00002397,-1.78977496,1.00000000,0.00000000,0.00000000,0.50377371,0
178.000,-2.41900141,0.01449997,0.21024899,-2.00002394,2.00002394,-2.00002394,-1.78977496,1.00000000,0.00000000,0.00000000,0.79293896,0
179.000,-2.40450145,0.01449996,0.21024896,-2.00002392,2.00002392,-2.00002392,-1.78977496,1.00000000,0.00000000,0.00000000,0.35667828,0
180.000,-2.39000149,0.01449996,0.21024894,-2.00002389,2.00002389,-2.00002389,-1.78977496,1.00000000,0.00000000,0.00000000,0.39000983,0
181.000,-2.37550152,0.01449996,0.21024891,-2.00002387,2.00002387,-2.00002387,-1.78977496,1.00000000,0.00000000,0.00000000,0.18246556,0
182.000,-2.36100156,0.01449996,0.21024889,-2.00002384,2.00002384,-2.00002384,-1.78977496,1.00000000,0.00000000,0.00000000,0.09833170,0
183.000,-2.34650160,0.01449996,0.21024886,-2.00002382,2.00002382,-2.00002382,-1.78977496,1.00000000,0.00000000,0.00000000,0.50754027,0
184.000,-2.33200164,0.01449996,0.21024883,-2.00002379,2.00002379,-2.00002379,-1.78977496,1.00000000,0.00000000,0.00000000,0.33899991,0
185.000,-2.31750168,0.01449996,0.21024881,-2.00002376,2.00002376,-2.00002376,-1.78977496,1.00000000,0.00000000,0.00000000,0.36451677,0
186.000,-2.30300172,0.01449996,0.21024878,-2.00002373,2.00002373,-2.00002373,-1.78977495,1.00000000,0.00000000,0.00000000,0.89590148,0
187.000,-2.28850176,0.01449996,0.21024875,-2.00002370,2.00002370,-2.00002370,-1.78977495,1.00000000,0.00000000,0.00000000,0.36235516,0
188.000,-2.27400181,0.01449996,0.21024872,-2.00002367,2.00002367,-2.00002367,-1.78977495,1.00000000,0.00000000,0.00000000,0.82623817,0
189.000,-2.25950185,0.01449995,0.21024869,-2.00002364,2.00002364,-2.00002364,-1.78977495,1.00000000,0.00000000,0.00000000,0.93731238,0
190.000,-2.24500190,0.01449995,0.21024866,-2.00002361,2.00002361,-2.00002361,-1.78977495,1.00000000,0.00000000,0.00000000,0.52647734,0
191.000,-2.23050194,0.01449995,0.21024863,-2.00002358,2.00002358,-2.00002358,-1.78977495,1.00000000,0.00000000,0.00000000,0.64965237,0
192.000,-2.21600199,0.01449995,0.21024859,-2.00002355,2.00002355,-2.00002355,-1.78977495,1.00000000,0.00000000,0.00000000,0.93915240,0
193.000,-2.20150204,0.01449995,0.21024856,-2.00002351,2.00002351,-2.00002351,-1.78977495,1.00000000,0.00000000,0.00000000,0.35209644,0
194.000,-2.18700209,0.01449995,0.21024853,-2.00002348,2.00002348,-2.00002348,-1.78977495,1.00000000,0.00000000,0.00000000,0.67494313,0
195.000,-2.17250214,0.01449995,0.21024849,-2.00002344,2.00002344,-2.00002344,-1.78977495,1.00000000,0.00000000,0.00000000,0.26322106,0
196.000,-2.15800220,0.01449995,0.21024846,-2.00002341,2.00002341,-2.00002341,-1.78977495,1.00000000,0.00000000,0.00000000,0.17542021,0
197.000,-2.14350225,0.01449995,0.21024842,-2.00002337,2.00002337,-2.00002337,-1.78977495,1.00000000,0.00000000,0.00000000,0.67209322,0
198.000,-2.12900230,0.01449994,0.21024839,-2.00002333,2.00002333,-2.00002333,-1.78977495,1.00000000,0.00000000,0.00000000,0.72470795,0
199.000,-2.11450236,0.01449994,0.21024835,-2.00002329,2.00002329,-2.00002329,-1.78977494,1.00000000,0.00000000,0.00000000,0.53775934,0
200.000,-2.10000242,0.01449994,0.21024831,-2.00002325,2.00002325,-2.00002325,-1.78977494,1.00000000,0.00000000,0.00000000,0.04216066,0
201.000,-2.08550248,0.01449994,0.21024827,-2.00002321,2.00002321,-2.00002321,-1.78977494,1.00000000,0.00000000,0.00000000,0.91972000,0
202.000,-2.07100254,0.01449994,0.21024823,-2.00002317,2.00002317,-2.00002317,-1.78977494,1.00000000,0.00000000,0.00000000,0.13325872,0
203.000,-2.05650260,0.01449994,0.21024819,-2.00002313,2.00002313,-2.00002313,-1.78977494,1.00000000,0.00000000,0.00000000,0.90527713,0
204.000,-2.04200266,0.01449994,0.21024815,-2.00002309,2.00002309,-2.00002309,-1.78977494,1.00000000,0.00000000,0.00000000,0.48940840,0
205.000,-2.02750273,0.01449993,0.21024810,-2.00002304,2.00002304,-2.00002304,-1.78977494,1.00000000,0.00000000,0.00000000,0.22991530,0
206.000,-2.01300279,0.01449993,0.21024806,-2.00002300,2.00002300,-2.00002300,-1.78977494,1.00000000,0.00000000,0.00000000,0.87645003,0
207.000,-1.99850286,0.01449993,0.21024802,-2.00002295,2.00002295,-2.00002295,-1.78977494,1.00000000,0.00000000,0.00000000,0.60734003,0
208.000,-1.98400293,0.01449993,0.21024797,-2.00002291,2.00002291,-2.00002291,-1.78977494,1.00000000,0.00000000,0.00000000,0.51248750,0
209.000,-1.96950300,0.01449993,0.21024792,-2.00002286,2.00002286,-2.00002286,-1.78977494,1.00000000,0.00000000,0.00000000,0.57610020,0
210.000,-1.95500307,0.01449993,0.21024787,-2.00002281,2.00002281,-2.00002281,-1.78977493,1.00000000,0.00000000,0.00000000,0.85509959,0
211.000,-1.94050315,0.01449993,0.21024783,-2.00002276,2.00002276,-2.00002276,-1.78977493,1.00000000,0.00000000,0.00000000,0.01434617,0
212.000,-1.92600322,0.01449992,0.21024778,-2.00002271,2.00002271,-2.00002271,-1.78977493,1.00000000,0.00000000,0.00000000,0.40575180,0
213.000,-1.91150330,0.01449992,0.21024772,-2.00002265,2.00002265,-2.00002265,-1.78977493,1.00000000,0.00000000,0.00000000,0.51555760,0
214.000,-1.89700338,0.01449992,0.21024767,-2.00002260,2.00002260,-2.00002260,-1.78977493,1.00000000,0.00000000,0.00000000,0.12359696,0
215.000,-1.88250346,0.01449992,0.21024762,-2.00002255,2.00002255,-2.00002255,-1.78977493,1.00000000,0.00000000,0.00000000,0.52074812,0
216.000,-1.86800354,0.01449992,0.21024756,-2.00002249,2.00002249,-2.00002249,-1.78977493,1.00000000,0.00000000,0.00000000,0.57635369,0
217.000,-1.85350363,0.01449991,0.21024751,-2.00002243,2.00002243,-2.00002243,-1.78977493,1.00000000,0.00000000,0.00000000,0.37466977,0
218.000,-1.83900372,0.01449991,0.21024745,-2.00002237,2.00002237,-2.00002237,-1.78977492,1.00000000,0.00000000,0.00000000,0.80850054,0
219.000,-1.82450381,0.01449991,0.21024739,-2.00002231,2.00002231,-2.00002231,-1.78977492,1.00000000,0.00000000,0.00000000,0.20567220,0
220.000,-1.81000390,0.01449991,0.21024733,-2.00002225,2.00002225,-2.00002225,-1.78977492,1.00000000,0.00000000,0.00000000,0.16075007,0
221.000,-1.79550399,0.01449991,0.21024727,-2.00002219,2.00002219,-2.00002219,-1.78977492,1.00000000,0.00000000,0.00000000,0.27560955,0
222.000,-1.78100408,0.01449990,0.21024721,-2.00002213,2.00002213,-2.00002213,-1.78977492,1.00000000,0.00000000,0.00000000,0.74442530,0
223.000,-1.76650418,0.01449990,0.21024714,-2.00002206,2.00002206,-2.00002206,-1.78977492,1.00000000,0.00000000,0.00000000,0.42299605,0
224.000,-1.75200428,0.01449990,0.21024708,-2.00002199,2.00002199,-2.00002199,-1.78977492,1.00000000,0.00000000,0.00000000,0.48744313,0
225.000,-1.73750438,0.01449990,0.21024701,-2.00002193,2.00002193,-2.00002193,-1.78977491,1.00000000,0.00000000,0.00000000,0.43150309,0
226.000,-1.72300449,0.01449989,0.21024694,-2.00002186,2.00002186,-2.00002186,-1.78977491,1.00000000,0.00000000,0.00000000,0.28271373,0
227.000,-1.70850459,0.01449989,0.21024687,-2.00002178,2.00002178,-2.00002178,-1.78977491,1.00000000,0.00000000,0.00000000,0.65536825,0
228.000,-1.69400470,0.01449989,0.21024680,-2.00002171,2.00002171,-2.00002171,-1.78977491,1.00000000,0.00000000,0.00000000,0.10165282,0
229.000,-1.67950482,0.01449989,0.21024673,-2.00002164,2.00002164,-2.00002164,-1.78977491,1.00000000,0.00000000,0.00000000,0.95356311,0
230.000,-1.66500493,0.01449988,0.21024665,-2.00002156,2.00002156,-2.00002156,-1.78977491,1.00000000,0.00000000,0.00000000,0.95334318,0
231.000,-1.65050505,0.01449988,0.21024658,-2.00002148,2.00002148,-2.00002148,-1.78977491,1.00000000,0.00000000,0.00000000,0.61111027,0
232.000,-1.63600517,0.01449988,0.21024650,-2.00002140,2.00002140,-2.00002140,-1.78977490,1.00000000,0.00000000,0.00000000,0.51088105,0
233.000,-1.62150529,0.01449988,0.21024642,-2.00002132,2.00002132,-2.00002132,-1.78977490,1.00000000,0.00000000,0.00000000,0.23169311,0
234.000,-1.60700541,0.01449987,0.21024634,-2.00002124,2.00002124,-2.00002124,-1.78977490,1.00000000,0.00000000,0.00000000,0.57806321,0
235.000,-1.59250554,0.01449987,0.21024626,-2.00002116,2.00002116,-2.00002116,-1.78977490,1.00000000,0.00000000,0.00000000,0.60061386,0
236.000,-1.57800567,0.01449987,0.21024617,-2.00002107,2.00002107,-2.00002107,-1.78977490,1.00000000,0.00000000,0.00000000,0.43617141,0
237.000,-1.56350580,0.01449987,0.21024609,-2.00002098,2.00002098,-2.00002098,-1.78977490,1.00000000,0.00000000,0.00000000,0.22579017,0
238.000,-1.54900594,0.01449986,0.21024600,-2.00002089,2.00002089,-2.00002089,-1.78977489,1.00000000,0.00000000,0.00000000,0.74092873,0
239.000,-1.53450608,0.01449986,0.21024591,-2.00002080,2.00002080,-2.00002080,-1.78977489,1.00000000,0.00000000,0.00000000,0.64639973,0
240.000,-1.52000622,0.01449986,0.21024582,-2.00002071,2.00002071,-2.00002071,-1.78977489,1.00000000,0.00000000,0.00000000,0.82620253,0
241.000,-1.50550637,0.01449985,0.21024572,-2.00002061,2.00002061,-2.00002061,-1.78977489,1.00000000,0.00000000,0.00000000,0.78895964,0
242.000,-1.49100652,0.01449985,0.21024563,-2.00002051,2.00002051,-2.00002051,-1.78977489,1.00000000,0.00000000,0.00000000,0.10061696,0
243.000,-1.47650667,0.01449985,0.21024553,-2.00002041,2.00002041,-2.00002041,-1.78977488,1.00000000,0.00000000,0.00000000,0.83019332,0
244.000,-1.46200683,0.01449984,0.21024543,-2.00002031,2.00002031,-2.00002031,-1.78977488,1.00000000,0.00000000,0.00000000,0.64545061,0
245.000,-1.44750698,0.01449984,0.21024533,-2.00002021,2.00002021,-2.00002021,-1.78977488,1.00000000,0.00000000,0.00000000,0.68166114,0
246.000,-1.43300715,0.01449984,0.21024522,-2.00002010,2.00002010,-2.00002010,-1.78977488,1.00000000,0.00000000,0.00000000,0.32166693,0
247.000,-1.41850731,0.01449983,0.21024512,-2.00001999,2.00001999,-2.00001999,-1.78977487,1.00000000,0.00000000,0.00000000,0.70181613,0
248.000,-1.40400748,0.01449983,0.21024501,-2.00001988,2.00001988,-2.00001988,-1.78977487,1.00000000,0.00000000,0.00000000,0.18388193,0
249.000,-1.38950766,0.01449982,0.21024490,-2.00001977,2.00001977,-2.00001977,-1.78977487,1.00000000,0.00000000,0.00000000,0.82911692,0
250.000,-1.37500784,0.01449982,0.21024478,-2.00001965,2.00001965,-2.00001965,-1.78977487,1.00000000,0.00000000,0.00000000,0.36316883,0
251.000,-1.36050802,0.01449982,0.21024467,-2.00001953,2.00001953,-2.00001953,-1.78977487,1.00000000,0.00000000,0.00000000,0.52487489,0
252.000,-1.34600820,0.01449981,0.21024455,-2.00001941,2.00001941,-2.00001941,-1.78977486,1.00000000,0.00000000,0.00000000,0.58217655,0
253.000,-1.33150839,0.01449981,0.21024443,-2.00001929,2.00001929,-2.00001929,-1.78977486,1.00000000,0.00000000,0.00000000,0.91143477,0
254.000,-1.31700859,0.01449980,0.21024431,-2.00001917,2.00001917,-2.00001917,-1.78977486,1.00000000,0.00000000,0.00000000,0.59383374,0
255.000,-1.30250879,0.01449980,0.21024418,-2.00001904,2.00001904,-2.00001904,-1.78977486,1.00000000,0.00000000,0.00000000,0.30517076,0
256.000,-1.28800899,0.01449979,0.21024405,-2.00001891,2.00001891,-2.00001891,-1.78977485,1.00000000,0.00000000,0.00000000,0.63253401,0
257.000,-1.27350920,0.01449979,0.21024392,-2.00001877,2.00001877,-2.00001877,-1.78977485,1.00000000,0.00000000,0.00000000,0.72020959,0
258.000,-1.25900941,0.01449979,0.21024379,-2.00001864,2.00001864,-2.00001864,-1.78977485,1.00000000,0.00000000,0.00000000,0.47899957,0
259.000,-1.24450962,0.01449978,0.21024366,-2.00001850,2.00001850,-2.00001850,-1.78977485,1.00000000,0.00000000,0.00000000,0.65603176,0
260.000,-1.23000985,0.01449978,0.21024352,-2.00001836,2.00001836,-2.00001836,-1.78977484,1.00000000,0.00000000,0.00000000,0.95806685,0
261.000,-1.21551007,0.01449977,0.21024338,-2.00001822,2.00001822,-2.00001822,-1.78977484,1.00000000,0.00000000,0.00000000,0.73989772,0
262.000,-1.20101030,0.01449977,0.21024323,-2.00001807,2.00001807,-2.00001807,-1.78977484,1.00000000,0.00000000,0.00000000,0.16100996,0
263.000,-1.18651054,0.01449976,0.21024309,-2.00001792,2.00001792,-2.00001792,-1.78977483,1.00000000,0.00000000,0.00000000,0.12451450,0
264.000,-1.17201078,0.01449976,0.21024294,-2.00001777,2.00001777,-2.00001777,-1.78977483,1.00000000,0.00000000,0.00000000,0.15890002,0
265.000,-1.15751103,0.01449975,0.21024279,-2.00001761,2.00001761,-2.00001761,-1.78977483,1.00000000,0.00000000,0.00000000,0.86322570,0
266.000,-1.14301128,0.01449975,0.21024263,-2.00001746,2.00001746,-2.00001746,-1.78977483,1.00000000,0.00000000,0.00000000,0.04009863,0
267.000,-1.12851153,0.01449974,0.21024247,-2.00001730,2.00001730,-2.00001730,-1.78977482,1.00000000,0.00000000,0.00000000,0.99776061,0
268.000,-1.11401180,0.01449973,0.21024231,-2.00001713,2.00001713,-2.00001713,-1.78977482,1.00000000,0.00000000,0.00000000,0.98422452,0
269.000,-1.09951206,0.01449973,0.21024215,-2.00001697,2.00001697,-2.00001697,-1.78977482,1.00000000,0.00000000,0.00000000,0.61938979,0
270.000,-1.08501234,0.01449972,0.21024198,-2.00001680,2.00001680,-2.00001680,-1.78977481,1.00000000,0.00000000,0.00000000,0.84102139,0
271.000,-1.07051262,0.01449972,0.21024181,-2.00001662,2.00001662,-2.00001662,-1.78977481,1.00000000,0.00000000,0.00000000,0.41336474,0
272.000,-1.05601290,0.01449971,0.21024164,-2.00001645,2.00001645,-2.00001645,-1.78977481,1.00000000,0.00000000,0.00000000,0.93620796,0
273.000,-1.04151319,0.01449971,0.21024146,-2.00001627,2.00001627,-2.00001627,-1.78977480,1.00000000,0.00000000,0.00000000,0.69716994,0
274.000,-1.02701349,0.01449970,0.21024128,-2.00001608,2.00001608,-2.00001608,-1.78977480,1.00000000,0.00000000,0.00000000,0.42705470,0
275.000,-1.01251379,0.01449969,0.21024110,-2.00001590,2.00001590,-2.00001590,-1.78977480,1.00000000,0.00000000,0.00000000,0.62550022,0
276.000,-0.99801410,0.01449969,0.21024092,-2.00001571,2.00001571,-2.00001571,-1.78977479,1.00000000,0.00000000,0.00000000,0.80394345,0
277.000,-0.98351442,0.01449968,0.21024073,-2.00001552,2.00001552,-2.00001552,-1.78977479,1.00000000,0.00000000,0.00000000,0.90273940,0
278.000,-0.96901474,0.01449967,0.21024053,-2.00001532,2.00001532,-2.00001532,-1.78977479,1.00000000,0.00000000,0.00000000,0.74422158,0
279.000,-0.95451507,0.01449967,0.21024034,-2.00001512,2.00001512,-2.00001512,-1.78977478,1.00000000,0.00000000,0.00000000,0.97871078,0
280.000,-0.94001541,0.01449966,0.21024014,-2.00001492,2.00001492,-2.00001492,-1.78977478,1.00000000,0.00000000,0.00000000,0.89527347,0
281.000,-0.92551575,0.01449965,0.21023994,-2.00001472,2.00001472,-2.00001472,-1.78977478,1.00000000,0.00000000,0.00000000,0.71303183,0
282.000,-0.91101610,0.01449965,0.21023973,-2.00001451,2.00001451,-2.00001451,-1.78977477,1.00000000,0.00000000,0.00000000,0.12533169,0
283.000,-0.89651646,0.01449964,0.21023952,-2.00001429,2.00001429,-2.00001429,-1.78977477,1.00000000,0.00000000,0.00000000,0.89902742,0
284.000,-0.88201683,0.01449963,0.21023931,-2.00001408,2.00001408,-2.00001408,-1.78977477,1.00000000,0.00000000,0.00000000,0.36860825,0
285.000,-0.86751720,0.01449962,0.21023910,-2.00001386,2.00001386,-2.00001386,-1.78977476,1.00000000,0.00000000,0.00000000,0.45465541,0
286.000,-0.85301758,0.01449962,0.21023888,-2.00001364,2.00001364,-2.00001364,-1.78977476,1.00000000,0.00000000,0.00000000,0.46031144,0
287.000,-0.83851797,0.01449961,0.21023865,-2.00001341,2.00001341,-2.00001341,-1.78977476,1.00000000,0.00000000,0.00000000,0.71414375,0
288.000,-0.82401836,0.01449960,0.21023843,-2.00001318,2.00001318,-2.00001318,-1.78977475,1.00000000,0.00000000,0.00000000,0.99343750,0
289.000,-0.80951876,0.01449959,0.21023820,-2.00001295,2.00001295,-2.00001295,-1.78977475,1.00000000,0.00000000,0.00000000,0.09486195,0
290.000,-0.79501918,0.01449959,0.21023797,-2.00001271,2.00001271,-2.00001271,-1.78977475,1.00000000,0.00000000,0.00000000,0.65947715,0
291.000,-0.78051959,0.01449958,0.21023773,-2.00001248,2.00001248,-2.00001248,-1.78977474,1.00000000,0.00000000,0.00000000,0.14777539,0
292.000,-0.76602002,0.01449957,0.21023749,-2.00001223,2.00001223,-2.00001223,-1.78977474,1.00000000,0.00000000,0.00000000,0.18906030,0
293.000,-0.75152046,0.01449956,0.21023725,-2.00001199,2.00001199,-2.00001199,-1.78977474,1.00000000,0.00000000,0.00000000,0.65655581,0
294.000,-0.73702090,0.01449955,0.21023701,-2.00001174,2.00001174,-2.00001174,-1.78977473,1.00000000,0.00000000,0.00000000,0.90862825,0
295.000,-0.72252135,0.01449954,0.21023676,-2.00001149,2.00001149,-2.00001149,-1.78977473,1.00000000,0.00000000,0.00000000,0.29372896,0
296.000,-0.70802181,0.01449953,0.21023650,-2.00001123,2.00001123,-2.00001123,-1.78977473,1.00000000,0.00000000,0.00000000,0.30530325,0
297.000,-0.69352228,0.01449953,0.21023625,-2.00001098,2.00001098,-2.00001098,-1.78977473,1.00000000,0.00000000,0.00000000,0.36049163,0
298.000,-0.67902276,0.01449952,0.21023599,-2.00001071,2.00001071,-2.00001071,-1.78977472,1.00000000,0.00000000,0.00000000,0.24791918,0
299.000,-0.66452325,0.01449951,0.21023573,-2.00001045,2.00001045,-2.00001045,-1.78977472,1.00000000,0.00000000,0.00000000,0.72491820,0
300.000,-0.65002375,0.01449950,0.21023547,-2.00001018,2.00001018,-2.00001018,-1.78977472,1.00000000,0.00000000,0.00000000,0.88180620,0
301.000,-0.63552425,0.01449949,0.21023520,-2.00000992,2.00000992,-2.00000992,-1.78977471,1.00000000,0.00000000,0.00000000,0.51651760,0
302.000,-0.62102477,0.01449948,0.21023493,-2.00000964,2.00000964,-2.00000964,-1.78977471,1.00000000,0.00000000,0.00000000,0.26839927,0
303.000,-0.60652529,0.01449947,0.21023466,-2.00000937,2.00000937,-2.00000937,-1.78977471,1.00000000,0.00000000,0.00000000,0.70439787,0
304.000,-0.59202583,0.01449946,0.21023439,-2.00000909,2.00000909,-2.00000909,-1.78977471,1.00000000,0.00000000,0.00000000,0.07006649,0
305.000,-0.57752637,0.01449945,0.21023411,-2.00000881,2.00000881,-2.00000881,-1.78977470,1.00000000,0.00000000,0.00000000,0.97416637,0
306.000,-0.56302692,0.01449944,0.21023383,-2.00000853,2.00000853,-2.00000853,-1.78977470,1.00000000,0.00000000,0.00000000,0.45593913,0
307.000,-0.54852748,0.01449943,0.21023355,-2.00000825,2.00000825,-2.00000825,-1.78977470,1.00000000,0.00000000,0.00000000,0.54647835,0
308.000,-0.53402806,0.01449942,0.21023327,-2.00000797,2.00000797,-2.00000797,-1.78977470,1.00000000,0.00000000,0.00000000,0.24931081,0
309.000,-0.51952864,0.01449941,0.21023298,-2.00000768,2.00000768,-2.00000768,-1.78977470,1.00000000,0.00000000,0.00000000,0.16151266,0
310.000,-0.50502923,0.01449940,0.21023270,-2.00000739,2.00000739,-2.00000739,-1.78977470,1.00000000,0.00000000,0.00000000,0.08808462,0
311.000,-0.49052983,0.01449939,0.21023241,-2.00000710,2.00000710,-2.00000710,-1.78977469,1.00000000,0.00000000,0.00000000,0.18590877,0
312.000,-0.47603044,0.01449938,0.21023212,-2.00000682,2.00000682,-2.00000682,-1.78977469,1.00000000,0.00000000,0.00000000,0.91434092,0
313.000,-0.46153106,0.01449937,0.21023183,-2.00000653,2.00000653,-2.00000653,-1.78977469,1.00000000,0.00000000,0.00000000,0.64742582,0
314.000,-0.44703170,0.01449936,0.21023154,-2.00000624,2.00000624,-2.00000624,-1.78977469,1.00000000,0.00000000,0.00000000,0.51686492,0
315.000,-0.43253234,0.01449935,0.21023125,-2.00000595,2.00000595,-2.00000595,-1.78977469,1.00000000,0.00000000,0.00000000,0.21214262,0
316.000,-0.41803299,0.01449934,0.21023096,-2.00000566,2.00000566,-2.00000566,-1.78977469,1.00000000,0.00000000,0.00000000,0.72996195,0
317.000,-0.40353365,0.01449933,0.21023067,-2.00000537,2.00000537,-2.00000537,-1.78977469,1.00000000,0.00000000,0.00000000,0.29061425,0
318.000,-0.38903432,0.01449932,0.21023038,-2.00000508,2.00000508,-2.00000508,-1.78977470,1.00000000,0.00000000,0.00000000,0.24838334,0
319.000,-0.37453500,0.01449931,0.21023010,-2.00000479,2.00000479,-2.00000479,-1.78977470,1.00000000,0.00000000,0.00000000,0.78827123,0
320.000,-0.36003569,0.01449930,0.21022981,-2.00000451,2.00000451,-2.00000451,-1.78977470,1.00000000,0.00000000,0.00000000,0.51941250,0
321.000,-0.34553639,0.01449929,0.21022953,-2.00000423,2.00000423,-2.00000423,-1.78977470,1.00000000,0.00000000,0.00000000,0.66023460,0
322.000,-0.33103711,0.01449928,0.21022924,-2.00000395,2.00000395,-2.00000395,-1.78977470,1.00000000,0.00000000,0.00000000,0.89577798,0
323.000,-0.31653783,0.01449927,0.21022896,-2.00000367,2.00000367,-2.00000367,-1.78977471,1.00000000,0.00000000,0.00000000,0.68220176,0
324.000,-0.30203856,0.01449927,0.21022869,-2.00000340,2.00000340,-2.00000340,-1.78977471,1.00000000,0.00000000,0.00000000,0.81436101,0
325.000,-0.28753930,0.01449926,0.21022842,-2.00000313,2.00000313,-2.00000313,-1.78977472,1.00000000,0.00000000,0.00000000,0.75319776,0
326.000,-0.27304005,0.01449925,0.21022815,-2.00000287,2.00000287,-2.00000287,-1.78977472,1.00000000,0.00000000,0.00000000,0.86297910,0
327.000,-0.25854080,0.01449924,0.21022789,-2.00000261,2.00000261,-2.00000261,-1.78977473,1.00000000,0.00000000,0.00000000,0.46151967,0
328.000,-0.24404157,0.01449923,0.21022763,-2.00000236,2.00000236,-2.00000236,-1.78977473,1.00000000,0.00000000,0.00000000,0.11867451,0
329.000,-0.22954235,0.01449922,0.21022738,-2.00000212,2.00000212,-2.00000212,-1.78977474,1.00000000,0.00000000,0.00000000,0.38750381,0
330.000,-0.21504313,0.01449921,0.21022714,-2.00000188,2.00000188,-2.00000188,-1.78977475,1.00000000,0.00000000,0.00000000,0.67279038,0
331.000,-0.20054392,0.01449920,0.21022690,-2.00000166,2.00000166,-2.00000166,-1.78977476,1.00000000,0.00000000,0.00000000,0.47303206,0
332.000,-0.18604472,0.01449920,0.21022667,-2.00000144,2.00000144,-2.00000144,-1.78977477,1.00000000,0.00000000,0.00000000,0.52049193,0
333.000,-0.17154553,0.01449919,0.21022646,-2.00000123,2.00000123,-2.00000123,-1.78977478,1.00000000,0.00000000,0.00000000,0.94386502,0
334.000,-0.15704635,0.01449918,0.21022625,-2.00000104,2.00000104,-2.00000104,-1.78977479,1.00000000,0.00000000,0.00000000,0.47400061,0
335.000,-0.14254717,0.01449917,0.21022606,-2.00000086,2.00000086,-2.00000086,-1.78977480,1.00000000,0.00000000,0.00000000,0.05789594,0
336.000,-0.12804800,0.01449917,0.21022588,-2.00000069,2.00000069,-2.00000069,-1.78977481,1.00000000,0.00000000,0.00000000,0.05684816,0
337.000,-0.11354883,0.01449916,0.21022571,-2.00000054,2.00000054,-2.00000054,-1.78977483,1.00000000,0.00000000,0.00000000,0.42226351,0
338.000,-0.09904967,0.01449916,0.21022556,-2.00000040,2.00000040,-2.00000040,-1.78977484,1.00000000,0.00000000,0.00000000,0.61729190,0
339.000,-0.08455052,0.01449915,0.21022542,-2.00000028,2.00000028,-2.00000028,-1.78977486,1.00000000,0.00000000,0.00000000,0.17528568,0
340.000,-0.07005137,0.01449915,0.21022530,-2.00000018,2.00000018,-2.00000018,-1.78977488,1.00000000,0.00000000,0.00000000,0.25832998,0
341.000,-0.05555222,0.01449914,0.21022520,-2.00000010,2.00000010,-2.00000010,-1.78977490,1.00000000,0.00000000,0.00000000,0.11502880,0
342.000,-0.04105308,0.01449914,0.21022512,-2.00000004,2.00000004,-2.00000004,-1.78977492,1.00000000,0.00000000,0.00000000,0.39863302,0
343.000,-0.02655394,0.01449914,0.21022506,-2.00000001,2.00000001,-2.00000001,-1.78977495,1.00000000,0.00000000,0.00000000,0.55821916,0
344.000,-0.01205480,0.01449914,0.21022503,-2.00000000,2.00000000,-2.00000000,-1.78977497,1.00000000,0.00000000,0.00000000,0.96496325,0
345.000,0.00244434,0.01449914,0.21022502,-2.00000002,2.00000002,-2.00000002,-1.78977500,1.00000000,0.00000000,0.00000000,0.79899171,0
346.000,0.01694348,0.01449914,0.21022504,-2.00000006,2.00000006,-2.00000006,-1.78977502,1.00000000,0.00000000,0.00000000,0.22641349,0
347.000,0.03144262,0.01449914,0.21022508,-2.00000013,2.00000013,-2.00000013,-1.78977505,1.00000000,0.00000000,0.00000000,0.05685760,0
348.000,0.04594176,0.01449914,0.21022514,-2.00000021,2.00000021,-2.00000021,-1.78977507,1.00000000,0.00000000,0.00000000,0.45504348,0
349.000,0.06044090,0.01449915,0.21022523,-2.00000032,2.00000032,-2.00000032,-1.78977509,1.00000000,0.00000000,0.00000000,0.17776621,0
350.000,0.07494005,0.01449915,0.21022534,-2.00000044,2.00000044,-2.00000044,-1.78977511,1.00000000,0.00000000,0.00000000,0.51867407,0
351.000,0.08943920,0.01449915,0.21022546,-2.00000059,2.00000059,-2.00000059,-1.78977512,1.00000000,0.00000000,0.00000000,0.27698718,0
352.000,0.10393836,0.01449916,0.21022561,-2.00000075,2.00000075,-2.00000075,-1.78977514,1.00000000,0.00000000,0.00000000,0.00385404,0
353.000,0.11843752,0.01449916,0.21022576,-2.00000092,2.00000092,-2.00000092,-1.78977515,1.00000000,0.00000000,0.00000000,0.36415360,0
354.000,0.13293669,0.01449917,0.21022594,-2.00000110,2.00000110,-2.00000110,-1.78977517,1.00000000,0.00000000,0.00000000,0.11886468,0
355.000,0.14743586,0.01449918,0.21022612,-2.00000130,2.00000130,-2.00000130,-1.78977518,1.00000000,0.00000000,0.00000000,0.35833944,0
356.000,0.16193504,0.01449918,0.21022632,-2.00000151,2.00000151,-2.00000151,-1.78977519,1.00000000,0.00000000,0.00000000,0.17521244,0
357.000,0.17643423,0.01449919,0.21022653,-2.00000173,2.00000173,-2.00000173,-1.78977520,1.00000000,0.00000000,0.00000000,0.82555417,0
358.000,0.19093342,0.01449920,0.21022675,-2.00000196,2.00000196,-2.00000196,-1.78977521,1.00000000,0.00000000,0.00000000,0.25579532,0
359.000,0.20543262,0.01449921,0.21022698,-2.00000220,2.00000220,-2.00000220,-1.78977522,1.00000000,0.00000000,0.00000000,0.28109026,0
360.000,0.21993183,0.01449921,0.21022722,-2.00000245,2.00000245,-2.00000245,-1.78977523,1.00000000,0.00000000,0.00000000,0.65549597,0
361.000,0.23443105,0.01449922,0.21022746,-2.00000270,2.00000270,-2.00000270,-1.78977524,1.00000000,0.00000000,0.00000000,0.50738248,0
362.000,0.24893028,0.01449923,0.21022772,-2.00000296,2.00000296,-2.00000296,-1.78977524,1.00000000,0.00000000,0.00000000,0.16683912,0
363.000,0.26342952,0.01449924,0.21022797,-2.00000322,2.00000322,-2.00000322,-1.78977525,1.00000000,0.00000000,0.00000000,0.56184948,0
364.000,0.27792876,0.01449925,0.21022824,-2.00000349,2.00000349,-2.00000349,-1.78977525,1.00000000,0.00000000,0.00000000,0.17748876,0
365.000,0.29242801,0.01449926,0.21022851,-2.00000376,2.00000376,-2.00000376,-1.78977526,1.00000000,0.00000000,0.00000000,0.92895611,0
366.000,0.30692728,0.01449927,0.21022878,-2.00000404,2.00000404,-2.00000404,-1.78977526,1.00000000,0.00000000,0.00000000,0.83974471,0
367.000,0.32142655,0.01449928,0.21022906,-2.00000432,2.00000432,-2.00000432,-1.78977526,1.00000000,0.00000000,0.00000000,0.25508406,0
368.000,0.33592583,0.01449929,0.21022934,-2.00000460,2.00000460,-2.00000460,-1.78977527,1.00000000,0.00000000,0.00000000,0.35523702,0
369.000,0.35042513,0.01449930,0.21022962,-2.00000489,2.00000489,-2.00000489,-1.78977527,1.00000000,0.00000000,0.00000000,0.84392820,0
370.000,0.36492443,0.01449931,0.21022991,-2.00000518,2.00000518,-2.00000518,-1.78977527,1.00000000,0.00000000,0.00000000,0.07476792,0
371.000,0.37942374,0.01449932,0.21023019,-2.00000547,2.00000547,-2.00000547,-1.78977527,1.00000000,0.00000000,0.00000000,0.32464480,0
372.000,0.39392306,0.01449933,0.21023048,-2.00000575,2.00000575,-2.00000575,-1.78977527,1.00000000,0.00000000,0.00000000,0.94823692,0
373.000,0.40842239,0.01449934,0.21023077,-2.00000604,2.00000604,-2.00000604,-1.78977527,1.00000000,0.00000000,0.00000000,0.33631966,0
374.000,0.42292174,0.01449935,0.21023106,-2.00000633,2.00000633,-2.00000633,-1.78977527,1.00000000,0.00000000,0.00000000,0.97218616,0
375.000,0.43742109,0.01449936,0.21023135,-2.00000662,2.00000662,-2.00000662,-1.78977527,1.00000000,0.00000000,0.00000000,0.99819863,0
376.000,0.45192045,0.01449937,0.21023164,-2.00000691,2.00000691,-2.00000691,-1.78977527,1.00000000,0.00000000,0.00000000,0.45487405,0
377.000,0.46641982,0.01449938,0.21023193,-2.00000720,2.00000720,-2.00000720,-1.78977527,1.00000000,0.00000000,0.00000000,0.63429018,0
378.000,0.48091920,0.01449939,0.21023222,-2.00000749,2.00000749,-2.00000749,-1.78977527,1.00000000,0.00000000,0.00000000,0.46865323,0
379.000,0.49541860,0.01449940,0.21023251,-2.00000778,2.00000778,-2.00000778,-1.78977527,1.00000000,0.00000000,0.00000000,0.31154265,0
380.000,0.50991800,0.01449941,0.21023279,-2.00000806,2.00000806,-2.00000806,-1.78977527,1.00000000,0.00000000,0.00000000,0.41902868,0
381.000,0.52441741,0.01449942,0.21023308,-2.00000835,2.00000835,-2.00000835,-1.78977527,1.00000000,0.00000000,0.00000000,0.47065056,0
382.000,0.53891683,0.01449943,0.21023336,-2.00000863,2.00000863,-2.00000863,-1.78977527,1.00000000,0.00000000,0.00000000,0.81991336,0
383.000,0.55341626,0.01449944,0.21023365,-2.00000891,2.00000891,-2.00000891,-1.78977526,1.00000000,0.00000000,0.00000000,0.87295970,0
384.000,0.56791570,0.01449945,0.21023393,-2.00000919,2.00000919,-2.00000919,-1.78977526,1.00000000,0.00000000,0.00000000,0.86067646,0
385.000,0.58241515,0.01449946,0.21023420,-2.00000946,2.00000946,-2.00000946,-1.78977526,1.00000000,0.00000000,0.00000000,0.99514651,0
386.000,0.59691461,0.01449946,0.21023448,-2.00000974,2.00000974,-2.00000974,-1.78977526,1.00000000,0.00000000,0.00000000,0.32353079,0
387.000,0.61141408,0.01449947,0.21023475,-2.00001001,2.00001001,-2.00001001,-1.78977525,1.00000000,0.00000000,0.00000000,0.92305107,0
388.000,0.62591356,0.01449948,0.21023502,-2.00001027,2.00001027,-2.00001027,-1.78977525,1.00000000,0.00000000,0.00000000,0.56642774,0
389.000,0.64041305,0.01449949,0.21023529,-2.00001054,2.00001054,-2.00001054,-1.78977525,1.00000000,0.00000000,0.00000000,0.23278231,0
390.000,0.65491255,0.01449950,0.21023556,-2.00001080,2.00001080,-2.00001080,-1.78977525,1.00000000,0.00000000,0.00000000,0.99509357,0
391.000,0.66941205,0.01449951,0.21023582,-2.00001106,2.00001106,-2.00001106,-1.78977524,1.00000000,0.00000000,0.00000000,0.32205471,0
392.000,0.68391157,0.01449952,0.21023608,-2.00001132,2.00001132,-2.00001132,-1.78977524,1.00000000,0.00000000,0.00000000,0.07019056,0
393.000,0.69841109,0.01449953,0.21023634,-2.00001157,2.00001157,-2.00001157,-1.78977524,1.00000000,0.00000000,0.00000000,0.38257794,0
394.000,0.71291063,0.01449954,0.21023659,-2.00001182,2.00001182,-2.00001182,-1.78977523,1.00000000,0.00000000,0.00000000,0.72328913,0
395.000,0.72741017,0.01449955,0.21023684,-2.00001207,2.00001207,-2.00001207,-1.78977523,1.00000000,0.00000000,0.00000000,0.09705996,0
396.000,0.74190972,0.01449955,0.21023709,-2.00001232,2.00001232,-2.00001232,-1.78977523,1.00000000,0.00000000,0.00000000,0.04590566,0
397.000,0.75640928,0.01449956,0.21023733,-2.00001256,2.00001256,-2.00001256,-1.78977522,1.00000000,0.00000000,0.00000000,0.30635111,0
398.000,0.77090885,0.01449957,0.21023757,-2.00001279,2.00001279,-2.00001279,-1.78977522,1.00000000,0.00000000,0.00000000,0.44401663,0
399.000,0.78540842,0.01449958,0.21023781,-2.00001303,2.00001303,-2.00001303,-1.78977522,1.00000000,0.00000000,0.00000000,0.74769503,0
400.000,0.79990801,0.01449959,0.21023805,-2.00001326,2.00001326,-2.00001326,-1.78977521,1.00000000,0.00000000,0.00000000,0.58952120,0
401.000,0.81440760,0.01449960,0.21023828,-2.00001349,2.00001349,-2.00001349,-1.78977521,1.00000000,0.00000000,0.00000000,0.08191486,0
402.000,0.82890720,0.01449960,0.21023850,-2.00001371,2.00001371,-2.00001371,-1.78977521,1.00000000,0.00000000,0.00000000,0.80581882,0
403.000,0.84340680,0.01449961,0.21023873,-2.00001393,2.00001393,-2.00001393,-1.78977520,1.00000000,0.00000000,0.00000000,0.54485938,0
404.000,0.85790642,0.01449962,0.21023895,-2.00001415,2.00001415,-2.00001415,-1.78977520,1.00000000,0.00000000,0.00000000,0.79274840,0
405.000,0.87240604,0.01449963,0.21023917,-2.00001437,2.00001437,-2.00001437,-1.78977520,1.00000000,0.00000000,0.00000000,0.62050482,0
406.000,0.88690567,0.01449963,0.21023938,-2.00001458,2.00001458,-2.00001458,-1.78977519,1.00000000,0.00000000,0.00000000,0.89089341,0
407.000,0.90140531,0.01449964,0.21023959,-2.00001478,2.00001478,-2.00001478,-1.78977519,1.00000000,0.00000000,0.00000000,0.72845183,0
408.000,0.91590495,0.01449965,0.21023980,-2.00001499,2.00001499,-2.00001499,-1.78977519,1.00000000,0.00000000,0.00000000,0.08856081,0
409.000,0.93040461,0.01449966,0.21024001,-2.00001519,2.00001519,-2.00001519,-1.78977518,1.00000000,0.00000000,0.00000000,0.16633323,0
410.000,0.94490427,0.01449966,0.21024021,-2.00001539,2.00001539,-2.00001539,-1.78977518,1.00000000,0.00000000,0.00000000,0.09827606,0
411.000,0.95940393,0.01449967,0.21024040,-2.00001558,2.00001558,-2.00001558,-1.78977518,1.00000000,0.00000000,0.00000000,0.71331802,0
412.000,0.97390360,0.01449968,0.21024060,-2.00001577,2.00001577,-2.00001577,-1.78977517,1.00000000,0.00000000,0.00000000,0.00417699,0
413.000,0.98840328,0.01449968,0.21024079,-2.00001596,2.00001596,-2.00001596,-1.78977517,1.00000000,0.00000000,0.00000000,0.79093992,0
414.000,1.00290297,0.01449969,0.21024098,-2.00001615,2.00001615,-2.00001615,-1.78977517,1.00000000,0.00000000,0.00000000,0.01222192,0
415.000,1.01740266,0.01449970,0.21024116,-2.00001633,2.00001633,-2.00001633,-1.78977516,1.00000000,0.00000000,0.00000000,0.21223980,0
416.000,1.03190236,0.01449970,0.21024134,-2.00001651,2.00001651,-2.00001651,-1.78977516,1.00000000,0.00000000,0.00000000,0.33227318,0
417.000,1.04640206,0.01449971,0.21024152,-2.00001668,2.00001668,-2.00001668,-1.78977516,1.00000000,0.00000000,0.00000000,0.99875165,0
418.000,1.06090177,0.01449971,0.21024170,-2.00001685,2.00001685,-2.00001685,-1.78977516,1.00000000,0.00000000,0.00000000,0.18389011,0
419.000,1.07540149,0.01449972,0.21024187,-2.00001702,2.00001702,-2.00001702,-1.78977515,1.00000000,0.00000000,0.00000000,0.27299017,0
420.000,1.08990121,0.01449973,0.21024204,-2.00001719,2.00001719,-2.00001719,-1.78977515,1.00000000,0.00000000,0.00000000,0.64387299,0
421.000,1.10440094,0.01449973,0.21024220,-2.00001735,2.00001735,-2.00001735,-1.78977515,1.00000000,0.00000000,0.00000000,0.99565377,0
422.000,1.11890068,0.01449974,0.21024237,-2.00001751,2.00001751,-2.00001751,-1.78977514,1.00000000,0.00000000,0.00000000,0.29276266,0
423.000,1.13340042,0.01449974,0.21024253,-2.00001767,2.00001767,-2.00001767,-1.78977514,1.00000000,0.00000000,0.00000000,0.10178561,0
424.000,1.14790016,0.01449975,0.21024268,-2.00001782,2.00001782,-2.00001782,-1.78977514,1.00000000,0.00000000,0.00000000,0.80807687,0
425.000,1.16239991,0.01449975,0.21024284,-2.00001797,2.00001797,-2.00001797,-1.78977513,1.00000000,0.00000000,0.00000000,0.07680363,0
426.000,1.17689967,0.01449976,0.21024299,-2.00001812,2.00001812,-2.00001812,-1.78977513,1.00000000,0.00000000,0.00000000,0.38288076,0
427.000,1.19139943,0.01449976,0.21024314,-2.00001827,2.00001827,-2.00001827,-1.78977513,1.00000000,0.00000000,0.00000000,0.74802986,0
428.000,1.20589919,0.01449977,0.21024328,-2.00001841,2.00001841,-2.00001841,-1.78977513,1.00000000,0.00000000,0.00000000,0.10016743,0
429.000,1.22039896,0.01449977,0.21024343,-2.00001855,2.00001855,-2.00001855,-1.78977512,1.00000000,0.00000000,0.00000000,0.09004109,0
430.000,1.23489874,0.01449978,0.21024356,-2.00001869,2.00001869,-2.00001869,-1.78977512,1.00000000,0.00000000,0.00000000,0.29265108,0
431.000,1.24939852,0.01449978,0.21024370,-2.00001882,2.00001882,-2.00001882,-1.78977512,1.00000000,0.00000000,0.00000000,0.89252236,0
432.000,1.26389831,0.01449979,0.21024384,-2.00001895,2.00001895,-2.00001895,-1.78977512,1.00000000,0.00000000,0.00000000,0.15937257,0
433.000,1.27839810,0.01449979,0.21024397,-2.00001908,2.00001908,-2.00001908,-1.78977511,1.00000000,0.00000000,0.00000000,0.94281919,0
434.000,1.29289789,0.01449980,0.21024410,-2.00001921,2.00001921,-2.00001921,-1.78977511,1.00000000,0.00000000,0.00000000,0.29190263,0
435.000,1.30739769,0.01449980,0.21024422,-2.00001933,2.00001933,-2.00001933,-1.78977511,1.00000000,0.00000000,0.00000000,0.81254333,0
436.000,1.32189749,0.01449981,0.21024435,-2.00001945,2.00001945,-2.00001945,-1.78977511,1.00000000,0.00000000,0.00000000,0.14774315,0
437.000,1.33639730,0.01449981,0.21024447,-2.00001957,2.00001957,-2.00001957,-1.78977510,1.00000000,0.00000000,0.00000000,0.72948947,0
438.000,1.35089711,0.01449981,0.21024459,-2.00001969,2.00001969,-2.00001969,-1.78977510,1.00000000,0.00000000,0.00000000,0.35933876,0
439.000,1.36539693,0.01449982,0.21024471,-2.00001981,2.00001981,-2.00001981,-1.78977510,1.00000000,0.00000000,0.00000000,0.07302633,0
440.000,1.37989675,0.01449982,0.21024482,-2.00001992,2.00001992,-2.00001992,-1.78977510,1.00000000,0.00000000,0.00000000,0.64979412,0
441.000,1.39439657,0.01449983,0.21024493,-2.00002003,2.00002003,-2.00002003,-1.78977509,1.00000000,0.00000000,0.00000000,0.16390086,0
442.000,1.40889640,0.01449983,0.21024504,-2.00002014,2.00002014,-2.00002014,-1.78977509,1.00000000,0.00000000,0.00000000,0.01835030,0
443.000,1.42339623,0.01449983,0.21024515,-2.00002024,2.00002024,-2.00002024,-1.78977509,1.00000000,0.00000000,0.00000000,0.20646545,0
444.000,1.43789606,0.01449984,0.21024526,-2.00002034,2.00002034,-2.00002034,-1.78977509,1.00000000,0.00000000,0.00000000,0.15849944,0
445.000,1.45239590,0.01449984,0.21024536,-2.00002045,2.00002045,-2.00002045,-1.78977508,1.00000000,0.00000000,0.00000000,0.48151145,0
446.000,1.46689574,0.01449984,0.21024546,-2.00002055,2.00002055,-2.00002055,-1.78977508,1.00000000,0.00000000,0.00000000,0.19347722,0
447.000,1.48139559,0.01449985,0.21024556,-2.00002064,2.00002064,-2.00002064,-1.78977508,1.00000000,0.00000000,0.00000000,0.42082930,0
448.000,1.49589544,0.01449985,0.21024566,-2.00002074,2.00002074,-2.00002074,-1.78977508,1.00000000,0.00000000,0.00000000,0.06593224,0
449.000,1.51039529,0.01449985,0.21024575,-2.00002083,2.00002083,-2.00002083,-1.78977508,1.00000000,0.00000000,0.00000000,0.96690830,0
450.000,1.52489514,0.01449986,0.21024585,-2.00002092,2.00002092,-2.00002092,-1.78977507,1.00000000,0.00000000,0.00000000,0.70915387,0
451.000,1.53939500,0.01449986,0.21024594,-2.00002101,2.00002101,-2.00002101,-1.78977507,1.00000000,0.00000000,0.00000000,0.08929231,0
452.000,1.55389486,0.01449986,0.21024603,-2.00002110,2.00002110,-2.00002110,-1.78977507,1.00000000,0.00000000,0.00000000,0.85115180,0
453.000,1.56839473,0.01449987,0.21024612,-2.00002119,2.00002119,-2.00002119,-1.78977507,1.00000000,0.00000000,0.00000000,0.15459747,0
454.000,1.58289459,0.01449987,0.21024620,-2.00002127,2.00002127,-2.00002127,-1.78977507,1.00000000,0.00000000,0.00000000,0.35412719,0
455.000,1.59739447,0.01449987,0.21024629,-2.00002135,2.00002135,-2.00002135,-1.78977507,1.00000000,0.00000000,0.00000000,0.35341037,0
456.000,1.61189434,0.01449987,0.21024637,-2.00002143,2.00002143,-2.00002143,-1.78977506,1.00000000,0.00000000,0.00000000,0.53170782,0
457.000,1.62639421,0.01449988,0.21024645,-2.00002151,2.00002151,-2.00002151,-1.78977506,1.00000000,0.00000000,0.00000000,0.44605847,0
458.000,1.64089409,0.01449988,0.21024653,-2.00002159,2.00002159,-2.00002159,-1.78977506,1.00000000,0.00000000,0.00000000,0.47209594,0
459.000,1.65539398,0.01449988,0.21024660,-2.00002166,2.00002166,-2.00002166,-1.78977506,1.00000000,0.00000000,0.00000000,0.25637072,0
460.000,1.66989386,0.01449989,0.21024668,-2.00002174,2.00002174,-2.00002174,-1.78977506,1.00000000,0.00000000,0.00000000,0.22371429,0
461.000,1.68439375,0.01449989,0.21024675,-2.00002181,2.00002181,-2.00002181,-1.78977506,1.00000000,0.00000000,0.00000000,0.64221449,0
462.000,1.69889364,0.01449989,0.21024683,-2.00002188,2.00002188,-2.00002188,-1.78977505,1.00000000,0.00000000,0.00000000,0.18048515,0
463.000,1.71339353,0.01449989,0.21024690,-2.00002195,2.00002195,-2.00002195,-1.78977505,1.00000000,0.00000000,0.00000000,0.16456424,0
464.000,1.72789342,0.01449990,0.21024697,-2.00002202,2.00002202,-2.00002202,-1.78977505,1.00000000,0.00000000,0.00000000,0.90272416,0
465.000,1.74239332,0.01449990,0.21024703,-2.00002208,2.00002208,-2.00002208,-1.78977505,1.00000000,0.00000000,0.00000000,0.09599019,0
466.000,1.75689322,0.01449990,0.21024710,-2.00002215,2.00002215,-2.00002215,-1.78977505,1.00000000,0.00000000,0.00000000,0.52892227,0
467.000,1.77139312,0.01449990,0.21024716,-2.00002221,2.00002221,-2.00002221,-1.78977505,1.00000000,0.00000000,0.00000000,0.01798944,0
468.000,1.78589302,0.01449990,0.21024723,-2.00002227,2.00002227,-2.00002227,-1.78977505,1.00000000,0.00000000,0.00000000,0.38835360,0
469.000,1.80039293,0.01449991,0.21024729,-2.00002233,2.00002233,-2.00002233,-1.78977504,1.00000000,0.00000000,0.00000000,0.06194446,0
470.000,1.81489283,0.01449991,0.21024735,-2.00002239,2.00002239,-2.00002239,-1.78977504,1.00000000,0.00000000,0.00000000,0.84006734,0
471.000,1.82939274,0.01449991,0.21024741,-2.00002245,2.00002245,-2.00002245,-1.78977504,1.00000000,0.00000000,0.00000000,0.32540918,0
472.000,1.84389266,0.01449991,0.21024747,-2.00002251,2.00002251,-2.00002251,-1.78977504,1.00000000,0.00000000,0.00000000,0.15092363,0
473.000,1.85839257,0.01449991,0.21024753,-2.00002256,2.00002256,-2.00002256,-1.78977504,1.00000000,0.00000000,0.00000000,0.79558140,0
474.000,1.87289249,0.01449992,0.21024758,-2.00002262,2.00002262,-2.00002262,-1.78977504,1.00000000,0.00000000,0.00000000,0.39911512,0
475.000,1.88739240,0.01449992,0.21024764,-2.00002267,2.00002267,-2.00002267,-1.78977504,1.00000000,0.00000000,0.00000000,0.20967350,0
476.000,1.90189232,0.01449992,0.21024769,-2.00002272,2.00002272,-2.00002272,-1.78977504,1.00000000,0.00000000,0.00000000,0.08534591,0
477.000,1.91639224,0.01449992,0.21024774,-2.00002278,2.00002278,-2.00002278,-1.78977503,1.00000000,0.00000000,0.00000000,0.58908305,0
478.000,1.93089217,0.01449992,0.21024779,-2.00002283,2.00002283,-2.00002283,-1.78977503,1.00000000,0.00000000,0.00000000,0.62763885,0
479.000,1.94539209,0.01449993,0.21024784,-2.00002287,2.00002287,-2.00002287,-1.78977503,1.00000000,0.00000000,0.00000000,0.84987474,0
480.000,1.95989202,0.01449993,0.21024789,-2.00002292,2.00002292,-2.00002292,-1.78977503,1.00000000,0.00000000,0.00000000,0.34033978,0
481.000,1.97439195,0.01449993,0.21024794,-2.00002297,2.00002297,-2.00002297,-1.78977503,1.00000000,0.00000000,0.00000000,0.21670867,0
482.000,1.98889188,0.01449993,0.21024799,-2.00002301,2.00002301,-2.00002301,-1.78977503,1.00000000,0.00000000,0.00000000,0.80815650,0
483.000,2.00339181,0.01449993,0.21024803,-2.00002306,2.00002306,-2.00002306,-1.78977503,1.00000000,0.00000000,0.00000000,0.27854374,0
484.000,2.01789174,0.01449993,0.21024808,-2.00002310,2.00002310,-2.00002310,-1.78977503,1.00000000,0.00000000,0.00000000,0.07153403,0
485.000,2.03239167,0.01449994,0.21024812,-2.00002314,2.00002314,-2.00002314,-1.78977503,1.00000000,0.00000000,0.00000000,0.12289793,0
486.000,2.04689161,0.01449994,0.21024816,-2.00002319,2.00002319,-2.00002319,-1.78977502,1.00000000,0.00000000,0.00000000,0.97023574,0
487.000,2.06139155,0.01449994,0.21024820,-2.00002323,2.00002323,-2.00002323,-1.78977502,1.00000000,0.00000000,0.00000000,0.17588370,0
488.000,2.07589149,0.01449994,0.21024824,-2.00002327,2.00002327,-2.00002327,-1.78977502,1.00000000,0.00000000,0.00000000,0.89500352,0
489.000,2.09039143,0.01449994,0.21024828,-2.00002331,2.00002331,-2.00002331,-1.78977502,1.00000000,0.00000000,0.00000000,0.29510145,0
490.000,2.10489137,0.01449994,0.21024832,-2.00002334,2.00002334,-2.00002334,-1.78977502,1.00000000,0.00000000,0.00000000,0.73256551,0
491.000,2.11939131,0.01449994,0.21024836,-2.00002338,2.00002338,-2.00002338,-1.78977502,1.00000000,0.00000000,0.00000000,0.57747433,0
492.000,2.13389125,0.01449994,0.21024840,-2.00002342,2.00002342,-2.00002342,-1.78977502,1.00000000,0.00000000,0.00000000,0.32776681,0
493.000,2.14839120,0.01449995,0.21024844,-2.00002345,2.00002345,-2.00002345,-1.78977502,1.00000000,0.00000000,0.00000000,0.65157723,0
494.000,2.16289115,0.01449995,0.21024847,-2.00002349,2.00002349,-2.00002349,-1.78977502,1.00000000,0.00000000,0.00000000,0.46703999,0
495.000,2.17739109,0.01449995,0.21024851,-2.00002352,2.00002352,-2.00002352,-1.78977502,1.00000000,0.00000000,0.00000000,0.82842115,0
496.000,2.19189104,0.01449995,0.21024854,-2.00002356,2.00002356,-2.00002356,-1.78977502,1.00000000,0.00000000,0.00000000,0.86523425,0
497.000,2.20639099,0.01449995,0.21024857,-2.00002359,2.00002359,-2.00002359,-1.78977502,1.00000000,0.00000000,0.00000000,0.65497831,0
498.000,2.22089095,0.01449995,0.21024861,-2.00002362,2.00002362,-2.00002362,-1.78977501,1.00000000,0.00000000,0.00000000,0.85521836,0
499.000,2.23539090,0.01449995,0.21024864,-2.00002365,2.00002365,-2.00002365,-1.78977501,1.00000000,0.00000000,0.00000000,0.67204255,0
500.000,2.24989085,0.01449995,0.21024867,-2.00002368,2.00002368,-2.00002368,-1.78977501,1.00000000,0.00000000,0.00000000,0.83661281,0
501.000,2.26439081,0.01449996,0.21024870,-2.00002371,2.00002371,-2.00002371,-1.78977501,1.00000000,0.00000000,0.00000000,0.81609805,0
502.000,2.27889076,0.01449996,0.21024873,-2.00002374,2.00002374,-2.00002374,-1.78977501,1.00000000,0.00000000,0.00000000,0.41532124,0
503.000,2.29339072,0.01449996,0.21024876,-2.00002377,2.00002377,-2.00002377,-1.78977501,1.00000000,0.00000000,0.00000000,0.72102321,0
504.000,2.30789068,0.01449996,0.21024879,-2.00002380,2.00002380,-2.00002380,-1.78977501,1.00000000,0.00000000,0.00000000,0.26074887,0
505.000,2.32239064,0.01449996,0.21024881,-2.00002383,2.00002383,-2.00002383,-1.78977501,1.00000000,0.00000000,0.00000000,0.50497872,0
506.000,2.33689059,0.01449996,0.21024884,-2.00002385,2.00002385,-2.00002385,-1.78977501,1.00000000,0.00000000,0.00000000,0.34849682,0
507.000,2.35139056,0.01449996,0.21024887,-2.00002388,2.00002388,-2.00002388,-1.78977501,1.00000000,0.00000000,0.00000000,0.19078175,0
508.000,2.36589052,0.01449996,0.21024889,-2.00002390,2.00002390,-2.00002390,-1.78977501,1.00000000,0.00000000,0.00000000,0.15099302,0
509.000,2.38039048,0.01449996,0.21024892,-2.00002393,2.00002393,-2.00002393,-1.78977501,1.00000000,0.00000000,0.00000000,0.97478512,0
510.000,2.39489044,0.01449996,0.21024895,-2.00002395,2.00002395,-2.00002395,-1.78977501,1.00000000,0.00000000,0.00000000,0.77814715,0
511.000,2.40939041,0.01449996,0.21024897,-2.00002398,2.00002398,-2.00002398,-1.78977501,1.00000000,0.00000000,0.00000000,0.56077907,0
512.000,2.42389037,0.01449997,0.21024899,-2.00002400,2.00002400,-2.00002400,-1.78977501,1.00000000,0.00000000,0.00000000,0.18982566,0
513.000,2.43839034,0.01449997,0.21024902,-2.00002402,2.00002402,-2.00002402,-1.78977501,1.00000000,0.00000000,0.00000000,0.19532619,0
514.000,2.45289030,0.01449997,0.21024904,-2.00002404,2.00002404,-2.00002404,-1.78977501,1.00000000,0.00000000,0.00000000,0.50911865,0
515.000,2.46739027,0.01449997,0.21024906,-2.00002407,2.00002407,-2.00002407,-1.78977500,1.00000000,0.00000000,0.00000000,0.78927895,0
516.000,2.48189024,0.01449997,0.21024908,-2.00002409,2.00002409,-2.00002409,-1.78977500,1.00000000,0.00000000,0.00000000,0.34727113,0
517.000,2.49639021,0.01449997,0.21024910,-2.00002411,2.00002411,-2.00002411,-1.78977500,1.00000000,0.00000000,0.00000000,0.71597744,0
518.000,2.51089018,0.01449997,0.21024912,-2.00002413,2.00002413,-2.00002413,-1.78977500,1.00000000,0.00000000,0.00000000,0.23361859,0
519.000,2.52539015,0.01449997,0.21024915,-2.00002415,2.00002415,-2.00002415,-1.78977500,1.00000000,0.00000000,0.00000000,0.14385994,0
520.000,2.53989012,0.01449997,0.21024916,-2.00002417,2.00002417,-2.00002417,-1.78977500,1.00000000,0.00000000,0.00000000,0.70814644,0
521.000,2.55439009,0.01449997,0.21024918,-2.00002419,2.00002419,-2.00002419,-1.78977500,1.00000000,0.00000000,0.00000000,0.87949151,0
522.000,2.56889006,0.01449997,0.21024920,-2.00002420,2.00002420,-2.00002420,-1.78977500,1.00000000,0.00000000,0.00000000,0.43112295,0
523.000,2.58339003,0.01449997,0.21024922,-2.00002422,2.00002422,-2.00002422,-1.78977500,1.00000000,0.00000000,0.00000000,0.46107291,0
524.000,2.59789001,0.01449997,0.21024924,-2.00002424,2.00002424,-2.00002424,-1.78977500,1.00000000,0.00000000,0.00000000,0.79937598,0
525.000,2.61238998,0.01449997,0.21024926,-2.00002426,2.00002426,-2.00002426,-1.78977500,1.00000000,0.00000000,0.00000000,0.84796062,0
526.000,2.62688996,0.01449997,0.21024927,-2.00002427,2.00002427,-2.00002427,-1.78977500,1.00000000,0.00000000,0.00000000,0.94307604,0
527.000,2.64138993,0.01449998,0.21024929,-2.00002429,2.00002429,-2.00002429,-1.78977500,1.00000000,0.00000000,0.00000000,0.95366855,0
528.000,2.65588991,0.01449998,0.21024931,-2.00002431,2.00002431,-2.00002431,-1.78977500,1.00000000,0.00000000,0.00000000,0.01762800,0
529.000,2.67038988,0.01449998,0.21024932,-2.00002432,2.00002432,-2.00002432,-1.78977500,1.00000000,0.00000000,0.00000000,0.81975157,0
530.000,2.68488986,0.01449998,0.21024934,-2.00002434,2.00002434,-2.00002434,-1.78977500,1.00000000,0.00000000,0.00000000,0.86117242,0
531.000,2.69938984,0.01449998,0.21024936,-2.00002435,2.00002435,-2.00002435,-1.78977500,1.00000000,0.00000000,0.00000000,0.44489806,0
532.000,2.71388982,0.01449998,0.21024937,-2.00002437,2.00002437,-2.00002437,-1.78977500,1.00000000,0.00000000,0.00000000,0.85239506,0
533.000,2.72838980,0.01449998,0.21024939,-2.00002438,2.00002438,-2.00002438,-1.78977500,1.00000000,0.00000000,0.00000000,0.40010179,0
534.000,2.74288977,0.01449998,0.21024940,-2.00002440,2.00002440,-2.00002440,-1.78977500,1.00000000,0.00000000,0.00000000,0.93238397,0
535.000,2.75738975,0.01449998,0.21024941,-2.00002441,2.00002441,-2.00002441,-1.78977500,1.00000000,0.00000000,0.00000000,0.54302479,0
536.000,2.77188973,0.01449998,0.21024943,-2.00002442,2.00002442,-2.00002442,-1.78977500,1.00000000,0.00000000,0.00000000,0.28088932,0
537.000,2.78638971,0.01449998,0.21024944,-2.00002444,2.00002444,-2.00002444,-1.78977500,1.00000000,0.00000000,0.00000000,0.78930896,0
538.000,2.80088970,0.01449998,0.21024945,-2.00002445,2.00002445,-2.00002445,-1.78977500,1.00000000,0.00000000,0.00000000,0.28754116,0
539.000,2.81538968,0.01449998,0.21024947,-2.00002446,2.00002446,-2.00002446,-1.78977500,1.00000000,0.00000000,0.00000000,0.71220537,0
540.000,2.82988966,0.01449998,0.21024948,-2.00002447,2.00002447,-2.00002447,-1.78977500,1.00000000,0.00000000,0.00000000,0.35632771,0
541.000,2.84438964,0.01449998,0.21024949,-2.00002449,2.00002449,-2.00002449,-1.78977500,1.00000000,0.00000000,0.00000000,0.09987327,0
542.000,2.85888962,0.01449998,0.21024950,-2.00002450,2.00002450,-2.00002450,-1.78977499,1.00000000,0.00000000,0.00000000,0.89488404,0
543.000,2.87338961,0.01449998,0.21024952,-2.00002451,2.00002451,-2.00002451,-1.78977499,1.00000000,0.00000000,0.00000000,0.99417318,0
544.000,2.88788959,0.01449998,0.21024953,-2.00002452,2.00002452,-2.00002452,-1.78977499,1.00000000,0.00000000,0.00000000,0.76556413,0
545.000,2.90238957,0.01449998,0.21024954,-2.00002453,2.00002453,-2.00002453,-1.78977499,1.00000000,0.00000000,0.00000000,0.23057817,0
546.000,2.91688956,0.01449998,0.21024955,-2.00002454,2.00002454,-2.00002454,-1.78977499,1.00000000,0.00000000,0.00000000,0.51939399,0
547.000,2.93138954,0.01449998,0.21024956,-2.00002455,2.00002455,-2.00002455,-1.78977499,1.00000000,0.00000000,0.00000000,0.14000524,0
548.000,2.94588953,0.01449999,0.21024957,-2.00002456,2.00002456,-2.00002456,-1.78977499,1.00000000,0.00000000,0.00000000,0.04420759,0
549.000,2.96038951,0.01449999,0.21024958,-2.00002457,2.00002457,-2.00002457,-1.78977499,1.00000000,0.00000000,0.00000000,0.12080578,0
550.000,2.97488950,0.01449999,0.21024959,-2.00002458,2.00002458,-2.00002458,-1.78977499,1.00000000,0.00000000,0.00000000,0.14965747,0
551.000,2.98938948,0.01449999,0.21024960,-2.00002459,2.00002459,-2.00002459,-1.78977499,1.00000000,0.00000000,0.00000000,0.64424004,0
552.000,3.00388947,0.01449999,0.21024961,-2.00002460,2.00002460,-2.00002460,-1.78977499,1.00000000,0.00000000,0.00000000,0.71094880,0
553.000,3.01838946,0.01449999,0.21024962,-2.00002461,2.00002461,-2.00002461,-1.78977499,1.00000000,0.00000000,0.00000000,0.46563494,0
554.000,3.03288945,0.01449999,0.21024963,-2.00002462,2.00002462,-2.00002462,-1.78977499,1.00000000,0.00000000,0.00000000,0.78548212,0
555.000,3.04738943,0.01449999,0.21024964,-2.00002463,2.00002463,-2.00002463,-1.78977499,1.00000000,0.00000000,0.00000000,0.64036657,0
556.000,3.06188942,0.01449999,0.21024965,-2.00002464,2.00002464,-2.00002464,-1.78977499,1.00000000,0.00000000,0.00000000,0.20989163,0
557.000,3.07638941,0.01449999,0.21024965,-2.00002465,2.00002465,-2.00002465,-1.78977499,1.00000000,0.00000000,0.00000000,0.82050749,0
558.000,3.09088940,0.01449999,0.21024966,-2.00002465,2.00002465,-2.00002465,-1.78977499,1.00000000,0.00000000,0.00000000,0.14568225,0
559.000,3.10538938,0.01449999,0.21024967,-2.00002466,2.00002466,-2.00002466,-1.78977499,1.00000000,0.00000000,0.00000000,0.87711816,0
560.000,3.11988937,0.01449999,0.21024968,-2.00002467,2.00002467,-2.00002467,-1.78977499,1.00000000,0.00000000,0.00000000,0.98347248,0
561.000,3.13438936,0.01449999,0.21024969,-2.00002468,2.00002468,-2.00002468,-1.78977499,1.00000000,0.00000000,0.00000000,0.28428998,0
562.000,3.14888935,0.01449999,0.21024969,-2.00002468,2.00002468,-2.00002468,-1.78977499,1.00000000,0.00000000,0.00000000,0.38624128,0
563.000,3.16338934,0.01449999,0.21024970,-2.00002469,2.00002469,-2.00002469,-1.78977499,1.00000000,0.00000000,0.00000000,0.39106467,0
564.000,3.17788933,0.01449999,0.21024971,-2.00002470,2.00002470,-2.00002470,-1.78977499,1.00000000,0.00000000,0.00000000,0.19684639,0
565.000,3.19238932,0.01449999,0.21024972,-2.00002471,2.00002471,-2.00002471,-1.78977499,1.00000000,0.00000000,0.00000000,0.23737324,0
566.000,3.20688931,0.01449999,0.21024972,-2.00002471,2.00002471,-2.00002471,-1.78977499,1.00000000,0.00000000,0.00000000,0.78730416,0
567.000,3.22138930,0.01449999,0.21024973,-2.00002472,2.00002472,-2.00002472,-1.78977499,1.00000000,0.00000000,0.00000000,0.85042774,0
568.000,3.23588929,0.01449999,0.21024974,-2.00002472,2.00002472,-2.00002472,-1.78977499,1.00000000,0.00000000,0.00000000,0.48493829,0
569.000,3.25038928,0.01449999,0.21024974,-2.00002473,2.00002473,-2.00002473,-1.78977499,1.00000000,0.00000000,0.00000000,0.44172743,0
570.000,3.26488928,0.01449999,0.21024975,-2.00002474,2.00002474,-2.00002474,-1.78977499,1.00000000,0.00000000,0.00000000,0.76244050,0
571.000,3.27938927,0.01449999,0.21024975,-2.00002474,2.00002474,-2.00002474,-1.78977499,1.00000000,0.00000000,0.00000000,0.14017276,0
572.000,3.29388926,0.01449999,0.21024976,-2.00002475,2.00002475,-2.00002475,-1.78977499,1.00000000,0.00000000,0.00000000,0.65115127,0
573.000,3.30838925,0.01449999,0.21024977,-2.00002475,2.00002475,-2.00002475,-1.78977499,1.00000000,0.00000000,0.00000000,0.23385255,0
574.000,3.32288924,0.01449999,0.21024977,-2.00002476,2.00002476,-2.00002476,-1.78977499,1.00000000,0.00000000,0.00000000,0.30529314,0
575.000,3.33738923,0.01449999,0.21024978,-2.00002477,2.00002477,-2.00002477,-1.78977499,1.00000000,0.00000000,0.00000000,0.55483582,0
576.000,3.35188923,0.01449999,0.21024978,-2.00002477,2.00002477,-2.00002477,-1.78977499,1.00000000,0.00000000,0.00000000,0.14353927,0
577.000,3.36638922,0.01449999,0.21024979,-2.00002478,2.00002478,-2.00002478,-1.78977499,1.00000000,0.00000000,0.00000000,0.23856030,0
578.000,3.38088921,0.01449999,0.21024979,-2.00002478,2.00002478,-2.00002478,-1.78977499,1.00000000,0.00000000,0.00000000,0.90650771,0
579.000,3.39538920,0.01449999,0.21024980,-2.00002479,2.00002479,-2.00002479,-1.78977499,1.00000000,0.00000000,0.00000000,0.32906803,0
580.000,3.40988920,0.01449999,0.21024980,-2.00002479,2.00002479,-2.00002479,-1.78977499,1.00000000,0.00000000,0.00000000,0.15673925,0
581.000,3.42438919,0.01449999,0.21024981,-2.00002480,2.00002480,-2.00002480,-1.78977499,1.00000000,0.00000000,0.00000000,0.09197329,0
582.000,3.43888918,0.01449999,0.21024981,-2.00002480,2.00002480,-2.00002480,-1.78977499,1.00000000,0.00000000,0.00000000,0.45287572,0
583.000,3.45338918,0.01449999,0.21024982,-2.00002481,2.00002481,-2.00002481,-1.78977499,1.00000000,0.00000000,0.00000000,0.29628936,0
584.000,3.46788917,0.01449999,0.21024982,-2.00002481,2.00002481,-2.00002481,-1.78977499,1.00000000,0.00000000,0.00000000,0.35535813,0
585.000,3.48238917,0.01449999,0.21024983,-2.00002481,2.00002481,-2.00002481,-1.78977499,1.00000000,0.00000000,0.00000000,0.31297121,0
586.000,3.49688916,0.01449999,0.21024983,-2.00002482,2.00002482,-2.00002482,-1.78977499,1.00000000,0.00000000,0.00000000,0.41423220,0
587.000,3.51138915,0.01449999,0.21024984,-2.00002482,2.00002482,-2.00002482,-1.78977499,1.00000000,0.00000000,0.00000000,0.45521571,0
588.000,3.52588915,0.01449999,0.21024984,-2.00002483,2.00002483,-2.00002483,-1.78977499,1.00000000,0.00000000,0.00000000,0.26669602,0
589.000,3.54038914,0.01449999,0.21024984,-2.00002483,2.00002483,-2.00002483,-1.78977499,1.00000000,0.00000000,0.00000000,0.06379321,0
590.000,3.55488914,0.01449999,0.21024985,-2.00002483,2.00002483,-2.00002483,-1.78977499,1.00000000,0.00000000,0.00000000,0.96878353,0
591.000,3.56938913,0.01449999,0.21024985,-2.00002484,2.00002484,-2.00002484,-1.78977499,1.00000000,0.00000000,0.00000000,0.92839773,0
592.000,3.58388913,0.01450000,0.21024986,-2.00002484,2.00002484,-2.00002484,-1.78977499,1.00000000,0.00000000,0.00000000,0.05730978,0
593.000,3.59838912,0.01450000,0.21024986,-2.00002485,2.00002485,-2.00002485,-1.78977499,1.00000000,0.00000000,0.00000000,0.73676090,0
594.000,3.61288912,0.01450000,0.21024986,-2.00002485,2.00002485,-2.00002485,-1.78977499,1.00000000,0.00000000,0.00000000,0.17689320,0
595.000,3.62738911,0.01450000,0.21024987,-2.00002485,2.00002485,-2.00002485,-1.78977499,1.00000000,0.00000000,0.00000000,0.67303268,0
596.000,3.64188911,0.01450000,0.21024987,-2.00002486,2.00002486,-2.00002486,-1.78977499,1.00000000,0.00000000,0.00000000,0.62970033,0
597.000,3.65638910,0.01450000,0.21024987,-2.00002486,2.00002486,-2.00002486,-1.78977499,1.00000000,0.00000000,0.00000000,0.80686931,0
598.000,3.67088910,0.01450000,0.21024988,-2.00002486,2.00002486,-2.00002486,-1.78977499,1.00000000,0.00000000,0.00000000,0.89343317,0
599.000,3.68538910,0.01450000,0.21024988,-2.00002487,2.00002487,-2.00002487,-1.78977499,1.00000000,0.00000000,0.00000000,0.05137231,0
600.000,3.69988909,0.01450000,0.21024988,-2.00002487,2.00002487,-2.00002487,-1.78977499,1.00000000,0.00000000,0.00000000,0.66265261,0
601.000,3.71438909,0.01450000,0.21024989,-2.00002487,2.00002487,-2.00002487,-1.78977499,1.00000000,0.00000000,0.00000000,0.37331724,0
602.000,3.72888908,0.01450000,0.21024989,-2.00002487,2.00002487,-2.00002487,-1.78977499,1.00000000,0.00000000,0.00000000,0.35513371,0
603.000,3.74338908,0.01450000,0.21024989,-2.00002488,2.00002488,-2.00002488,-1.78977499,1.00000000,0.00000000,0.00000000,0.45781407,0
604.000,3.75788908,0.01450000,0.21024989,-2.00002488,2.00002488,-2.00002488,-1.78977499,1.00000000,0.00000000,0.00000000,0.29752853,0
605.000,3.77238907,0.01450000,0.21024990,-2.00002488,2.00002488,-2.00002488,-1.78977499,1.00000000,0.00000000,0.00000000,0.21440405,0
606.000,3.78688907,0.01450000,0.21024990,-2.00002489,2.00002489,-2.00002489,-1.78977499,1.00000000,0.00000000,0.00000000,0.74293389,0
607.000,3.80138907,0.01450000,0.21024990,-2.00002489,2.00002489,-2.00002489,-1.78977499,1.00000000,0.00000000,0.00000000,0.87988972,0
608.000,3.81588906,0.01450000,0.21024991,-2.00002489,2.00002489,-2.00002489,-1.78977499,1.00000000,0.00000000,0.00000000,0.87369616,0
609.000,3.83038906,0.01450000,0.21024991,-2.00002489,2.00002489,-2.00002489,-1.78977499,1.00000000,0.00000000,0.00000000,0.22510732,0
610.000,3.84488906,0.01450000,0.21024991,-2.00002490,2.00002490,-2.00002490,-1.78977499,1.00000000,0.00000000,0.00000000,0.30688378,0
611.000,3.85938905,0.01450000,0.21024991,-2.00002490,2.00002490,-2.00002490,-1.78977499,1.00000000,0.00000000,0.00000000,0.14346459,0
612.000,3.87388905,0.01450000,0.21024992,-2.00002490,2.00002490,-2.00002490,-1.78977499,1.00000000,0.00000000,0.00000000,0.23726668,0
613.000,3.88838905,0.01450000,0.21024992,-2.00002490,2.00002490,-2.00002490,-1.78977499,1.00000000,0.00000000,0.00000000,0.38212484,0
614.000,3.90288904,0.01450000,0.21024992,-2.00002491,2.00002491,-2.00002491,-1.78977499,1.00000000,0.00000000,0.00000000,0.62703582,0
615.000,3.91738904,0.01450000,0.21024992,-2.00002491,2.00002491,-2.00002491,-1.78977499,1.00000000,0.00000000,0.00000000,0.78477304,0
616.000,3.93188904,0.01450000,0.21024992,-2.00002491,2.00002491,-2.00002491,-1.78977499,1.00000000,0.00000000,0.00000000,0.96641302,0
617.000,3.94638904,0.01450000,0.21024993,-2.00002491,2.00002491,-2.00002491,-1.78977499,1.00000000,0.00000000,0.00000000,0.20783088,0
618.000,3.96088903,0.01450000,0.21024993,-2.00002491,2.00002491,-2.00002491,-1.78977499,1.00000000,0.00000000,0.00000000,0.36990619,0
619.000,3.97538903,0.01450000,0.21024993,-2.00002492,2.00002492,-2.00002492,-1.78977499,1.00000000,0.00000000,0.00000000,0.68691454,0
620.000,3.98988903,0.01450000,0.21024993,-2.00002492,2.00002492,-2.00002492,-1.78977498,1.00000000,0.00000000,0.00000000,0.07498822,0
621.000,4.00438903,0.01450000,0.21024993,-2.00002492,2.00002492,-2.00002492,-1.78977498,1.00000000,0.00000000,0.00000000,0.56491017,0
622.000,4.01888903,0.01450000,0.21024994,-2.00002492,2.00002492,-2.00002492,-1.78977498,1.00000000,0.00000000,0.00000000,0.23661227,0
623.000,4.03338902,0.01450000,0.21024994,-2.00002492,2.00002492,-2.00002492,-1.78977498,1.00000000,0.00000000,0.00000000,0.77447807,0
624.000,4.04788902,0.01450000,0.21024994,-2.00002492,2.00002492,-2.00002492,-1.78977498,1.00000000,0.00000000,0.00000000,0.96973666,0
625.000,4.06238902,0.01450000,0.21024994,-2.00002493,2.00002493,-2.00002493,-1.78977498,1.00000000,0.00000000,0.00000000,0.22968287,0
626.000,4.07688902,0.01450000,0.21024994,-2.00002493,2.00002493,-2.00002493,-1.78977498,1.00000000,0.00000000,0.00000000,0.81849870,0
627.000,4.09138901,0.01450000,0.21024995,-2.00002493,2.00002493,-2.00002493,-1.78977498,1.00000000,0.00000000,0.00000000,0.46318785,0
628.000,4.10588901,0.01450000,0.21024995,-2.00002493,2.00002493,-2.00002493,-1.78977498,1.00000000,0.00000000,0.00000000,0.26061835,0
629.000,4.12038901,0.01450000,0.21024995,-2.00002493,2.00002493,-2.00002493,-1.78977498,1.00000000,0.00000000,0.00000000,0.94743431,0
630.000,4.13488901,0.01450000,0.21024995,-2.00002493,2.00002493,-2.00002493,-1.78977498,1.00000000,0.00000000,0.00000000,0.20111086,0
631.000,4.14938901,0.01450000,0.21024995,-2.00002494,2.00002494,-2.00002494,-1.78977498,1.00000000,0.00000000,0.00000000,0.30507397,0
632.000,4.16388901,0.01450000,0.21024995,-2.00002494,2.00002494,-2.00002494,-1.78977498,1.00000000,0.00000000,0.00000000,0.67717784,0
633.000,4.17838900,0.01450000,0.21024995,-2.00002494,2.00002494,-2.00002494,-1.78977498,1.00000000,0.00000000,0.00000000,0.26179967,0
634.000,4.19288900,0.01450000,0.21024996,-2.00002494,2.00002494,-2.00002494,-1.78977498,1.00000000,0.00000000,0.00000000,0.04694725,0
635.000,4.20738900,0.01450000,0.21024996,-2.00002494,2.00002494,-2.00002494,-1.78977498,1.00000000,0.00000000,0.00000000,0.79078710,0
636.000,4.22188900,0.01450000,0.21024996,-2.00002494,2.00002494,-2.00002494,-1.78977498,1.00000000,0.00000000,0.00000000,0.36774090,0
637.000,4.23638900,0.01450000,0.21024996,-2.00002494,2.00002494,-2.00002494,-1.78977498,1.00000000,0.00000000,0.00000000,0.75100261,0
638.000,4.25088900,0.01450000,0.21024996,-2.00002495,2.00002495,-2.00002495,-1.78977498,1.00000000,0.00000000,0.00000000,0.29455846,0
639.000,4.26538900,0.01450000,0.21024996,-2.00002495,2.00002495,-2.00002495,-1.78977498,1.00000000,0.00000000,0.00000000,0.87332871,0
640.000,4.27988899,0.01450000,0.21024996,-2.00002495,2.00002495,-2.00002495,-1.78977498,1.00000000,0.00000000,0.00000000,0.60197572,0
641.000,4.29438899,0.01450000,0.21024996,-2.00002495,2.00002495,-2.00002495,-1.78977498,1.00000000,0.00000000,0.00000000,0.58116177,0
642.000,4.30888899,0.01450000,0.21024997,-2.00002495,2.00002495,-2.00002495,-1.78977498,1.00000000,0.00000000,0.00000000,0.97493416,0
643.000,4.32338899,0.01450000,0.21024997,-2.00002495,2.00002495,-2.00002495,-1.78977498,1.00000000,0.00000000,0.00000000,0.47171045,0
644.000,4.33788899,0.01450000,0.21024997,-2.00002495,2.00002495,-2.00002495,-1.78977498,1.00000000,0.00000000,0.00000000,0.00927308,0
645.000,4.35238899,0.01450000,0.21024997,-2.00002495,2.00002495,-2.00002495,-1.78977498,1.00000000,0.00000000,0.00000000,0.19547512,0
646.000,4.36688899,0.01450000,0.21024997,-2.00002495,2.00002495,-2.00002495,-1.78977498,1.00000000,0.00000000,0.00000000,0.47600739,0
647.000,4.38138899,0.01450000,0.21024997,-2.00002496,2.00002496,-2.00002496,-1.78977498,1.00000000,0.00000000,0.00000000,0.06718327,0
648.000,4.39588899,0.01450000,0.21024997,-2.00002496,2.00002496,-2.00002496,-1.78977498,1.00000000,0.00000000,0.00000000,0.74406563,0
649.000,4.41038899,0.01450000,0.21024997,-2.00002496,2.00002496,-2.00002496,-1.78977498,1.00000000,0.00000000,0.00000000,0.67249312,0
650.000,4.42488898,0.01450000,0.21024997,-2.00002496,2.00002496,-2.00002496,-1.78977498,1.00000000,0.00000000,0.00000000,0.14323142,0
651.000,4.43938898,0.01450000,0.21024998,-2.00002496,2.00002496,-2.00002496,-1.78977498,1.00000000,0.00000000,0.00000000,0.08764618,0
652.000,4.45388898,0.01450000,0.21024998,-2.00002496,2.00002496,-2.00002496,-1.78977498,1.00000000,0.00000000,0.00000000,0.13261404,0
653.000,4.46838898,0.01450000,0.21024998,-2.00002496,2.00002496,-2.00002496,-1.78977498,1.00000000,0.00000000,0.00000000,0.76738634,0
654.000,4.48288898,0.01450000,0.21024998,-2.00002496,2.00002496,-2.00002496,-1.78977498,1.00000000,0.00000000,0.00000000,0.77376739,0
655.000,4.49738898,0.01450000,0.21024998,-2.00002496,2.00002496,-2.00002496,-1.78977498,1.00000000,0.00000000,0.00000000,0.57050031,0
656.000,4.51188898,0.01450000,0.21024998,-2.00002496,2.00002496,-2.00002496,-1.78977498,1.00000000,0.00000000,0.00000000,0.20353462,0
657.000,4.52638898,0.01450000,0.21024998,-2.00002496,2.00002496,-2.00002496,-1.78977498,1.00000000,0.00000000,0.00000000,0.88022952,0
658.000,4.54088898,0.01450000,0.21024998,-2.00002497,2.00002497,-2.00002497,-1.78977498,1.00000000,0.00000000,0.00000000,0.49605130,0
659.000,4.55538898,0.01450000,0.21024998,-2.00002497,2.00002497,-2.00002497,-1.78977498,1.00000000,0.00000000,0.00000000,0.11929356,0
660.000,4.56988898,0.01450000,0.21024998,-2.00002497,2.00002497,-2.00002497,-1.78977498,1.00000000,0.00000000,0.00000000,0.13848116,0
661.000,4.58438898,0.01450000,0.21024998,-2.00002497,2.00002497,-2.00002497,-1.78977498,1.00000000,0.00000000,0.00000000,0.77341629,0
662.000,4.59888898,0.01450000,0.21024998,-2.00002497,2.00002497,-2.00002497,-1.78977498,1.00000000,0.00000000,0.00000000,0.54074006,0
663.000,4.61338898,0.01450000,0.21024999,-2.00002497,2.00002497,-2.00002497,-1.78977498,1.00000000,0.00000000,0.00000000,0.19530150,0
664.000,4.62788897,0.01450000,0.21024999,-2.00002497,2.00002497,-2.00002497,-1.78977498,1.00000000,0.00000000,0.00000000,0.49935488,0
665.000,4.64238897,0.01450000,0.21024999,-2.00002497,2.00002497,-2.00002497,-1.78977498,1.00000000,0.00000000,0.00000000,0.16994525,0
666.000,4.65688897,0.01450000,0.21024999,-2.00002497,2.00002497,-2.00002497,-1.78977498,1.00000000,0.00000000,0.00000000,0.08000790,0
667.000,4.67138897,0.01450000,0.21024999,-2.00002497,2.00002497,-2.00002497,-1.78977498,1.00000000,0.00000000,0.00000000,0.09436229,0
668.000,4.68588897,0.01450000,0.21024999,-2.00002497,2.00002497,-2.00002497,-1.78977498,1.00000000,0.00000000,0.00000000,0.37375649,0
669.000,4.70038897,0.01450000,0.21024999,-2.00002497,2.00002497,-2.00002497,-1.78977498,1.00000000,0.00000000,0.00000000,0.54249617,0
670.000,4.71488897,0.01450000,0.21024999,-2.00002497,2.00002497,-2.00002497,-1.78977498,1.00000000,0.00000000,0.00000000,0.77930138,0
671.000,4.72938897,0.01450000,0.21024999,-2.00002497,2.00002497,-2.00002497,-1.78977498,1.00000000,0.00000000,0.00000000,0.16299864,0
672.000,4.74388897,0.01450000,0.21024999,-2.00002498,2.00002498,-2.00002498,-1.78977498,1.00000000,0.00000000,0.00000000,0.52518336,0
673.000,4.75838897,0.01450000,0.21024999,-2.00002498,2.00002498,-2.00002498,-1.78977498,1.00000000,0.00000000,0.00000000,0.71352114,0
674.000,4.77288897,0.01450000,0.21024999,-2.00002498,2.00002498,-2.00002498,-1.78977498,1.00000000,0.00000000,0.00000000,0.75570004,0
675.000,4.78738897,0.01450000,0.21024999,-2.00002498,2.00002498,-2.00002498,-1.78977498,1.00000000,0.00000000,0.00000000,0.78626019,0
676.000,4.80188897,0.01450000,0.21024999,-2.00002498,2.00002498,-2.00002498,-1.78977498,1.00000000,0.00000000,0.00000000,0.25288552,0
677.000,4.81638897,0.01450000,0.21024999,-2.00002498,2.00002498,-2.00002498,-1.78977498,1.00000000,0.00000000,0.00000000,0.96468128,0
678.000,4.83088897,0.01450000,0.21024999,-2.00002498,2.00002498,-2.00002498,-1.78977498,1.00000000,0.00000000,0.00000000,0.94855348,0
679.000,4.84538897,0.01450000,0.21025000,-2.00002498,2.00002498,-2.00002498,-1.78977498,1.00000000,0.00000000,0.00000000,0.28977221,0
680.000,4.85988897,0.01450000,0.21025000,-2.00002498,2.00002498,-2.00002498,-1.78977498,1.00000000,0.00000000,0.00000000,0.81680503,0
681.000,4.87438897,0.01450000,0.21025000,-2.00002498,2.00002498,-2.00002498,-1.78977498,1.00000000,0.00000000,0.00000000,0.15122873,0
682.000,4.88888897,0.01450000,0.21025000,-2.00002498,2.00002498,-2.00002498,-1.78977498,1.00000000,0.00000000,0.00000000,0.14149737,0
683.000,4.90338897,0.01450000,0.21025000,-2.00002498,2.00002498,-2.00002498,-1.78977498,1.00000000,0.00000000,0.00000000,0.18762430,0
684.000,4.91788897,0.01450000,0.21025000,-2.00002498,2.00002498,-2.00002498,-1.78977498,1.00000000,0.00000000,0.00000000,0.52447963,0
685.000,4.93238897,0.01450000,0.21025000,-2.00002498,2.00002498,-2.00002498,-1.78977498,1.00000000,0.00000000,0.00000000,0.20343997,0
686.000,4.94688897,0.01450000,0.21025000,-2.00002498,2.00002498,-2.00002498,-1.78977498,1.00000000,0.00000000,0.00000000,0.55394199,0
687.000,4.96138897,0.01450000,0.21025000,-2.00002498,2.00002498,-2.00002498,-1.78977498,1.00000000,0.00000000,0.00000000,0.77743319,0
688.000,4.97588897,0.01450000,0.21025000,-2.00002498,2.00002498,-2.00002498,-1.78977498,1.00000000,0.00000000,0.00000000,0.50338814,0
689.000,4.99038897,0.01450000,0.21025000,-2.00002498,2.00002498,-2.00002498,-1.78977498,1.00000000,0.00000000,0.00000000,0.59021189,0
